ARM GAS  /tmp/cceSDlIl.s 			page 1


   1              		.cpu cortex-m0plus
   2              		.eabi_attribute 20, 1
   3              		.eabi_attribute 21, 1
   4              		.eabi_attribute 23, 3
   5              		.eabi_attribute 24, 1
   6              		.eabi_attribute 25, 1
   7              		.eabi_attribute 26, 1
   8              		.eabi_attribute 30, 1
   9              		.eabi_attribute 34, 0
  10              		.eabi_attribute 18, 4
  11              		.file	"gpio.c"
  12              		.text
  13              	.Ltext0:
  14              		.cfi_sections	.debug_frame
  15              		.section	.text.MX_GPIO_Init,"ax",%progbits
  16              		.align	1
  17              		.global	MX_GPIO_Init
  18              		.syntax unified
  19              		.code	16
  20              		.thumb_func
  21              		.fpu softvfp
  23              	MX_GPIO_Init:
  24              	.LFB35:
  25              		.file 1 "Src/gpio.c"
   1:Src/gpio.c    **** /**
   2:Src/gpio.c    ****   ******************************************************************************
   3:Src/gpio.c    ****   * File Name          : gpio.c
   4:Src/gpio.c    ****   * Description        : This file provides code for the configuration
   5:Src/gpio.c    ****   *                      of all used GPIO pins.
   6:Src/gpio.c    ****   ******************************************************************************
   7:Src/gpio.c    ****   ** This notice applies to any and all portions of this file
   8:Src/gpio.c    ****   * that are not between comment pairs USER CODE BEGIN and
   9:Src/gpio.c    ****   * USER CODE END. Other portions of this file, whether 
  10:Src/gpio.c    ****   * inserted by the user or by software development tools
  11:Src/gpio.c    ****   * are owned by their respective copyright owners.
  12:Src/gpio.c    ****   *
  13:Src/gpio.c    ****   * COPYRIGHT(c) 2018 STMicroelectronics
  14:Src/gpio.c    ****   *
  15:Src/gpio.c    ****   * Redistribution and use in source and binary forms, with or without modification,
  16:Src/gpio.c    ****   * are permitted provided that the following conditions are met:
  17:Src/gpio.c    ****   *   1. Redistributions of source code must retain the above copyright notice,
  18:Src/gpio.c    ****   *      this list of conditions and the following disclaimer.
  19:Src/gpio.c    ****   *   2. Redistributions in binary form must reproduce the above copyright notice,
  20:Src/gpio.c    ****   *      this list of conditions and the following disclaimer in the documentation
  21:Src/gpio.c    ****   *      and/or other materials provided with the distribution.
  22:Src/gpio.c    ****   *   3. Neither the name of STMicroelectronics nor the names of its contributors
  23:Src/gpio.c    ****   *      may be used to endorse or promote products derived from this software
  24:Src/gpio.c    ****   *      without specific prior written permission.
  25:Src/gpio.c    ****   *
  26:Src/gpio.c    ****   * THIS SOFTWARE IS PROVIDED BY THE COPYRIGHT HOLDERS AND CONTRIBUTORS "AS IS"
  27:Src/gpio.c    ****   * AND ANY EXPRESS OR IMPLIED WARRANTIES, INCLUDING, BUT NOT LIMITED TO, THE
  28:Src/gpio.c    ****   * IMPLIED WARRANTIES OF MERCHANTABILITY AND FITNESS FOR A PARTICULAR PURPOSE ARE
  29:Src/gpio.c    ****   * DISCLAIMED. IN NO EVENT SHALL THE COPYRIGHT HOLDER OR CONTRIBUTORS BE LIABLE
  30:Src/gpio.c    ****   * FOR ANY DIRECT, INDIRECT, INCIDENTAL, SPECIAL, EXEMPLARY, OR CONSEQUENTIAL
  31:Src/gpio.c    ****   * DAMAGES (INCLUDING, BUT NOT LIMITED TO, PROCUREMENT OF SUBSTITUTE GOODS OR
  32:Src/gpio.c    ****   * SERVICES; LOSS OF USE, DATA, OR PROFITS; OR BUSINESS INTERRUPTION) HOWEVER
  33:Src/gpio.c    ****   * CAUSED AND ON ANY THEORY OF LIABILITY, WHETHER IN CONTRACT, STRICT LIABILITY,
ARM GAS  /tmp/cceSDlIl.s 			page 2


  34:Src/gpio.c    ****   * OR TORT (INCLUDING NEGLIGENCE OR OTHERWISE) ARISING IN ANY WAY OUT OF THE USE
  35:Src/gpio.c    ****   * OF THIS SOFTWARE, EVEN IF ADVISED OF THE POSSIBILITY OF SUCH DAMAGE.
  36:Src/gpio.c    ****   *
  37:Src/gpio.c    ****   ******************************************************************************
  38:Src/gpio.c    ****   */
  39:Src/gpio.c    **** 
  40:Src/gpio.c    **** /* Includes ------------------------------------------------------------------*/
  41:Src/gpio.c    **** #include "gpio.h"
  42:Src/gpio.c    **** /* USER CODE BEGIN 0 */
  43:Src/gpio.c    **** 
  44:Src/gpio.c    **** /* USER CODE END 0 */
  45:Src/gpio.c    **** 
  46:Src/gpio.c    **** /*----------------------------------------------------------------------------*/
  47:Src/gpio.c    **** /* Configure GPIO                                                             */
  48:Src/gpio.c    **** /*----------------------------------------------------------------------------*/
  49:Src/gpio.c    **** /* USER CODE BEGIN 1 */
  50:Src/gpio.c    **** 
  51:Src/gpio.c    **** /* USER CODE END 1 */
  52:Src/gpio.c    **** 
  53:Src/gpio.c    **** /** Configure pins as 
  54:Src/gpio.c    ****         * Analog 
  55:Src/gpio.c    ****         * Input 
  56:Src/gpio.c    ****         * Output
  57:Src/gpio.c    ****         * EVENT_OUT
  58:Src/gpio.c    ****         * EXTI
  59:Src/gpio.c    **** */
  60:Src/gpio.c    **** void MX_GPIO_Init(void)
  61:Src/gpio.c    **** {
  26              		.loc 1 61 0
  27              		.cfi_startproc
  28              		@ args = 0, pretend = 0, frame = 24
  29              		@ frame_needed = 0, uses_anonymous_args = 0
  30 0000 30B5     		push	{r4, r5, lr}
  31              	.LCFI0:
  32              		.cfi_def_cfa_offset 12
  33              		.cfi_offset 4, -12
  34              		.cfi_offset 5, -8
  35              		.cfi_offset 14, -4
  36 0002 87B0     		sub	sp, sp, #28
  37              	.LCFI1:
  38              		.cfi_def_cfa_offset 40
  39              	.LBB2:
  62:Src/gpio.c    **** 
  63:Src/gpio.c    ****   GPIO_InitTypeDef GPIO_InitStruct;
  64:Src/gpio.c    **** 
  65:Src/gpio.c    ****   /* GPIO Ports Clock Enable */
  66:Src/gpio.c    ****   __HAL_RCC_GPIOA_CLK_ENABLE();
  40              		.loc 1 66 0
  41 0004 0D4B     		ldr	r3, .L2
  42 0006 DA6A     		ldr	r2, [r3, #44]
  43 0008 0124     		movs	r4, #1
  44 000a 2243     		orrs	r2, r4
  45 000c DA62     		str	r2, [r3, #44]
  46 000e DB6A     		ldr	r3, [r3, #44]
  47 0010 2340     		ands	r3, r4
  48 0012 0093     		str	r3, [sp]
  49 0014 009B     		ldr	r3, [sp]
ARM GAS  /tmp/cceSDlIl.s 			page 3


  50              	.LBE2:
  67:Src/gpio.c    **** 
  68:Src/gpio.c    ****   /*Configure GPIO pin Output Level */
  69:Src/gpio.c    ****   HAL_GPIO_WritePin(GPIOA, R1_Pin|R2_Pin|R3_Pin, GPIO_PIN_SET);
  51              		.loc 1 69 0
  52 0016 A025     		movs	r5, #160
  53 0018 ED05     		lsls	r5, r5, #23
  54 001a 0122     		movs	r2, #1
  55 001c 3221     		movs	r1, #50
  56 001e 2800     		movs	r0, r5
  57 0020 FFF7FEFF 		bl	HAL_GPIO_WritePin
  58              	.LVL0:
  70:Src/gpio.c    **** 
  71:Src/gpio.c    ****   /*Configure GPIO pins : PAPin PAPin PAPin */
  72:Src/gpio.c    ****   GPIO_InitStruct.Pin = R1_Pin|R2_Pin|R3_Pin;
  59              		.loc 1 72 0
  60 0024 3223     		movs	r3, #50
  61 0026 0193     		str	r3, [sp, #4]
  73:Src/gpio.c    ****   GPIO_InitStruct.Mode = GPIO_MODE_OUTPUT_PP;
  62              		.loc 1 73 0
  63 0028 0294     		str	r4, [sp, #8]
  74:Src/gpio.c    ****   GPIO_InitStruct.Pull = GPIO_NOPULL;
  64              		.loc 1 74 0
  65 002a 0023     		movs	r3, #0
  66 002c 0393     		str	r3, [sp, #12]
  75:Src/gpio.c    ****   GPIO_InitStruct.Speed = GPIO_SPEED_FREQ_LOW;
  67              		.loc 1 75 0
  68 002e 0493     		str	r3, [sp, #16]
  76:Src/gpio.c    ****   HAL_GPIO_Init(GPIOA, &GPIO_InitStruct);
  69              		.loc 1 76 0
  70 0030 01A9     		add	r1, sp, #4
  71 0032 2800     		movs	r0, r5
  72 0034 FFF7FEFF 		bl	HAL_GPIO_Init
  73              	.LVL1:
  77:Src/gpio.c    **** 
  78:Src/gpio.c    **** }
  74              		.loc 1 78 0
  75 0038 07B0     		add	sp, sp, #28
  76              		@ sp needed
  77 003a 30BD     		pop	{r4, r5, pc}
  78              	.L3:
  79              		.align	2
  80              	.L2:
  81 003c 00100240 		.word	1073876992
  82              		.cfi_endproc
  83              	.LFE35:
  85              		.text
  86              	.Letext0:
  87              		.file 2 "/usr/local/gcc-arm-none-eabi-6-2017-q2-update/arm-none-eabi/include/machine/_default_type
  88              		.file 3 "/usr/local/gcc-arm-none-eabi-6-2017-q2-update/arm-none-eabi/include/sys/_stdint.h"
  89              		.file 4 "Drivers/CMSIS/Device/ST/STM32L0xx/Include/system_stm32l0xx.h"
  90              		.file 5 "Drivers/CMSIS/Device/ST/STM32L0xx/Include/stm32l011xx.h"
  91              		.file 6 "/usr/local/gcc-arm-none-eabi-6-2017-q2-update/arm-none-eabi/include/sys/lock.h"
  92              		.file 7 "/usr/local/gcc-arm-none-eabi-6-2017-q2-update/arm-none-eabi/include/sys/_types.h"
  93              		.file 8 "/usr/local/gcc-arm-none-eabi-6-2017-q2-update/lib/gcc/arm-none-eabi/6.3.1/include/stddef.
  94              		.file 9 "/usr/local/gcc-arm-none-eabi-6-2017-q2-update/arm-none-eabi/include/sys/reent.h"
  95              		.file 10 "Drivers/STM32L0xx_HAL_Driver/Inc/stm32l0xx_hal_gpio.h"
ARM GAS  /tmp/cceSDlIl.s 			page 4


ARM GAS  /tmp/cceSDlIl.s 			page 5


DEFINED SYMBOLS
                            *ABS*:0000000000000000 gpio.c
     /tmp/cceSDlIl.s:16     .text.MX_GPIO_Init:0000000000000000 $t
     /tmp/cceSDlIl.s:23     .text.MX_GPIO_Init:0000000000000000 MX_GPIO_Init
     /tmp/cceSDlIl.s:81     .text.MX_GPIO_Init:000000000000003c $d
                     .debug_frame:0000000000000010 $d

UNDEFINED SYMBOLS
HAL_GPIO_WritePin
HAL_GPIO_Init
