ARM GAS  /tmp/cca1AvLE.s 			page 1


   1              		.cpu cortex-m0plus
   2              		.eabi_attribute 20, 1
   3              		.eabi_attribute 21, 1
   4              		.eabi_attribute 23, 3
   5              		.eabi_attribute 24, 1
   6              		.eabi_attribute 25, 1
   7              		.eabi_attribute 26, 1
   8              		.eabi_attribute 30, 1
   9              		.eabi_attribute 34, 0
  10              		.eabi_attribute 18, 4
  11              		.file	"stm32l0xx_hal_gpio.c"
  12              		.text
  13              	.Ltext0:
  14              		.cfi_sections	.debug_frame
  15              		.section	.text.HAL_GPIO_Init,"ax",%progbits
  16              		.align	1
  17              		.global	HAL_GPIO_Init
  18              		.syntax unified
  19              		.code	16
  20              		.thumb_func
  21              		.fpu softvfp
  23              	HAL_GPIO_Init:
  24              	.LFB35:
  25              		.file 1 "Drivers/STM32L0xx_HAL_Driver/Src/stm32l0xx_hal_gpio.c"
   1:Drivers/STM32L0xx_HAL_Driver/Src/stm32l0xx_hal_gpio.c **** /**
   2:Drivers/STM32L0xx_HAL_Driver/Src/stm32l0xx_hal_gpio.c ****   ******************************************************************************
   3:Drivers/STM32L0xx_HAL_Driver/Src/stm32l0xx_hal_gpio.c ****   * @file    stm32l0xx_hal_gpio.c
   4:Drivers/STM32L0xx_HAL_Driver/Src/stm32l0xx_hal_gpio.c ****   * @author  MCD Application Team
   5:Drivers/STM32L0xx_HAL_Driver/Src/stm32l0xx_hal_gpio.c ****   * @brief   GPIO HAL module driver.  
   6:Drivers/STM32L0xx_HAL_Driver/Src/stm32l0xx_hal_gpio.c ****   *          This file provides firmware functions to manage the following 
   7:Drivers/STM32L0xx_HAL_Driver/Src/stm32l0xx_hal_gpio.c ****   *          functionalities of the General Purpose Input/Output (GPIO) peripheral:
   8:Drivers/STM32L0xx_HAL_Driver/Src/stm32l0xx_hal_gpio.c ****   *           + Initialization and de-initialization functions
   9:Drivers/STM32L0xx_HAL_Driver/Src/stm32l0xx_hal_gpio.c ****   *           + IO operation functions
  10:Drivers/STM32L0xx_HAL_Driver/Src/stm32l0xx_hal_gpio.c ****   *         
  11:Drivers/STM32L0xx_HAL_Driver/Src/stm32l0xx_hal_gpio.c ****   @verbatim
  12:Drivers/STM32L0xx_HAL_Driver/Src/stm32l0xx_hal_gpio.c ****   ==============================================================================
  13:Drivers/STM32L0xx_HAL_Driver/Src/stm32l0xx_hal_gpio.c ****                     ##### GPIO Peripheral features #####
  14:Drivers/STM32L0xx_HAL_Driver/Src/stm32l0xx_hal_gpio.c ****   ==============================================================================
  15:Drivers/STM32L0xx_HAL_Driver/Src/stm32l0xx_hal_gpio.c ****   [..] 
  16:Drivers/STM32L0xx_HAL_Driver/Src/stm32l0xx_hal_gpio.c ****     (+) Each port bit of the general-purpose I/O (GPIO) ports can be individually 
  17:Drivers/STM32L0xx_HAL_Driver/Src/stm32l0xx_hal_gpio.c ****   configured by software in several modes:
  18:Drivers/STM32L0xx_HAL_Driver/Src/stm32l0xx_hal_gpio.c ****         (++) Input mode 
  19:Drivers/STM32L0xx_HAL_Driver/Src/stm32l0xx_hal_gpio.c ****         (++) Analog mode
  20:Drivers/STM32L0xx_HAL_Driver/Src/stm32l0xx_hal_gpio.c ****         (++) Output mode
  21:Drivers/STM32L0xx_HAL_Driver/Src/stm32l0xx_hal_gpio.c ****         (++) Alternate function mode
  22:Drivers/STM32L0xx_HAL_Driver/Src/stm32l0xx_hal_gpio.c ****         (++) External interrupt/event lines
  23:Drivers/STM32L0xx_HAL_Driver/Src/stm32l0xx_hal_gpio.c ****  
  24:Drivers/STM32L0xx_HAL_Driver/Src/stm32l0xx_hal_gpio.c ****     (+) During and just after reset, the alternate functions and external interrupt  
  25:Drivers/STM32L0xx_HAL_Driver/Src/stm32l0xx_hal_gpio.c ****   lines are not active and the I/O ports are configured in input floating mode.
  26:Drivers/STM32L0xx_HAL_Driver/Src/stm32l0xx_hal_gpio.c ****   
  27:Drivers/STM32L0xx_HAL_Driver/Src/stm32l0xx_hal_gpio.c ****     (+) All GPIO pins have weak internal pull-up and pull-down resistors, which can be 
  28:Drivers/STM32L0xx_HAL_Driver/Src/stm32l0xx_hal_gpio.c ****   activated or not.
  29:Drivers/STM32L0xx_HAL_Driver/Src/stm32l0xx_hal_gpio.c **** 
  30:Drivers/STM32L0xx_HAL_Driver/Src/stm32l0xx_hal_gpio.c ****     (+) In Output or Alternate mode, each IO can be configured on open-drain or push-pull
  31:Drivers/STM32L0xx_HAL_Driver/Src/stm32l0xx_hal_gpio.c ****   type and the IO speed can be selected depending on the VDD value.
  32:Drivers/STM32L0xx_HAL_Driver/Src/stm32l0xx_hal_gpio.c ****   
  33:Drivers/STM32L0xx_HAL_Driver/Src/stm32l0xx_hal_gpio.c ****     (+) The microcontroller IO pins are connected to onboard peripherals/modules through a 
ARM GAS  /tmp/cca1AvLE.s 			page 2


  34:Drivers/STM32L0xx_HAL_Driver/Src/stm32l0xx_hal_gpio.c ****         multiplexer that allows only one peripheral alternate function (AF) connected 
  35:Drivers/STM32L0xx_HAL_Driver/Src/stm32l0xx_hal_gpio.c ****   to an IO pin at a time. In this way, there can be no conflict between peripherals 
  36:Drivers/STM32L0xx_HAL_Driver/Src/stm32l0xx_hal_gpio.c ****   sharing the same IO pin. 
  37:Drivers/STM32L0xx_HAL_Driver/Src/stm32l0xx_hal_gpio.c **** 
  38:Drivers/STM32L0xx_HAL_Driver/Src/stm32l0xx_hal_gpio.c ****     (+) All ports have external interrupt/event capability. To use external interrupt 
  39:Drivers/STM32L0xx_HAL_Driver/Src/stm32l0xx_hal_gpio.c ****   lines, the port must be configured in input mode. All available GPIO pins are 
  40:Drivers/STM32L0xx_HAL_Driver/Src/stm32l0xx_hal_gpio.c ****   connected to the 16 external interrupt/event lines from EXTI0 to EXTI15.
  41:Drivers/STM32L0xx_HAL_Driver/Src/stm32l0xx_hal_gpio.c ****   
  42:Drivers/STM32L0xx_HAL_Driver/Src/stm32l0xx_hal_gpio.c ****     (+) The external interrupt/event controller consists of up to 28 edge detectors
  43:Drivers/STM32L0xx_HAL_Driver/Src/stm32l0xx_hal_gpio.c ****   (16 lines are connected to GPIO) for generating event/interrupt requests (each 
  44:Drivers/STM32L0xx_HAL_Driver/Src/stm32l0xx_hal_gpio.c ****   input line can be independently configured to select the type (interrupt or event) 
  45:Drivers/STM32L0xx_HAL_Driver/Src/stm32l0xx_hal_gpio.c ****   and the corresponding trigger event (rising or falling or both). Each line can 
  46:Drivers/STM32L0xx_HAL_Driver/Src/stm32l0xx_hal_gpio.c ****   also be masked independently. 
  47:Drivers/STM32L0xx_HAL_Driver/Src/stm32l0xx_hal_gpio.c ****   
  48:Drivers/STM32L0xx_HAL_Driver/Src/stm32l0xx_hal_gpio.c ****                      ##### How to use this driver #####
  49:Drivers/STM32L0xx_HAL_Driver/Src/stm32l0xx_hal_gpio.c ****   ==============================================================================  
  50:Drivers/STM32L0xx_HAL_Driver/Src/stm32l0xx_hal_gpio.c ****   [..]             
  51:Drivers/STM32L0xx_HAL_Driver/Src/stm32l0xx_hal_gpio.c ****     (#) Enable the GPIO IOPORT clock using the following function: __HAL_RCC_GPIOx_CLK_ENABLE(). 
  52:Drivers/STM32L0xx_HAL_Driver/Src/stm32l0xx_hal_gpio.c **** 
  53:Drivers/STM32L0xx_HAL_Driver/Src/stm32l0xx_hal_gpio.c ****     (#) Configure the GPIO pin(s) using HAL_GPIO_Init().
  54:Drivers/STM32L0xx_HAL_Driver/Src/stm32l0xx_hal_gpio.c ****         (++) Configure the IO mode using "Mode" member from GPIO_InitTypeDef structure
  55:Drivers/STM32L0xx_HAL_Driver/Src/stm32l0xx_hal_gpio.c ****         (++) Activate Pull-up, Pull-down resistor using "Pull" member from GPIO_InitTypeDef 
  56:Drivers/STM32L0xx_HAL_Driver/Src/stm32l0xx_hal_gpio.c ****              structure.
  57:Drivers/STM32L0xx_HAL_Driver/Src/stm32l0xx_hal_gpio.c ****         (++) In case of Output or alternate function mode selection: the speed is 
  58:Drivers/STM32L0xx_HAL_Driver/Src/stm32l0xx_hal_gpio.c ****              configured through "Speed" member from GPIO_InitTypeDef structure.
  59:Drivers/STM32L0xx_HAL_Driver/Src/stm32l0xx_hal_gpio.c ****         (++) In alternate mode is selection, the alternate function connected to the IO
  60:Drivers/STM32L0xx_HAL_Driver/Src/stm32l0xx_hal_gpio.c ****              is configured through "Alternate" member from GPIO_InitTypeDef structure.
  61:Drivers/STM32L0xx_HAL_Driver/Src/stm32l0xx_hal_gpio.c ****         (++) Analog mode is required when a pin is to be used as ADC channel 
  62:Drivers/STM32L0xx_HAL_Driver/Src/stm32l0xx_hal_gpio.c ****              or DAC output.
  63:Drivers/STM32L0xx_HAL_Driver/Src/stm32l0xx_hal_gpio.c ****         (++) In case of external interrupt/event selection the "Mode" member from 
  64:Drivers/STM32L0xx_HAL_Driver/Src/stm32l0xx_hal_gpio.c ****              GPIO_InitTypeDef structure select the type (interrupt or event) and 
  65:Drivers/STM32L0xx_HAL_Driver/Src/stm32l0xx_hal_gpio.c ****              the corresponding trigger event (rising or falling or both).
  66:Drivers/STM32L0xx_HAL_Driver/Src/stm32l0xx_hal_gpio.c ****    
  67:Drivers/STM32L0xx_HAL_Driver/Src/stm32l0xx_hal_gpio.c ****     (#) In case of external interrupt/event mode selection, configure NVIC IRQ priority 
  68:Drivers/STM32L0xx_HAL_Driver/Src/stm32l0xx_hal_gpio.c ****         mapped to the EXTI line using HAL_NVIC_SetPriority() and enable it using
  69:Drivers/STM32L0xx_HAL_Driver/Src/stm32l0xx_hal_gpio.c ****         HAL_NVIC_EnableIRQ().
  70:Drivers/STM32L0xx_HAL_Driver/Src/stm32l0xx_hal_gpio.c ****          
  71:Drivers/STM32L0xx_HAL_Driver/Src/stm32l0xx_hal_gpio.c ****    (#) HAL_GPIO_DeInit allows to set register values to their reset value. This function
  72:Drivers/STM32L0xx_HAL_Driver/Src/stm32l0xx_hal_gpio.c ****        is also to be used when unconfiguring pin which was used as an external interrupt
  73:Drivers/STM32L0xx_HAL_Driver/Src/stm32l0xx_hal_gpio.c ****        or in event mode. That is the only way to reset the corresponding bit in
  74:Drivers/STM32L0xx_HAL_Driver/Src/stm32l0xx_hal_gpio.c ****        EXTI & SYSCFG registers.
  75:Drivers/STM32L0xx_HAL_Driver/Src/stm32l0xx_hal_gpio.c **** 
  76:Drivers/STM32L0xx_HAL_Driver/Src/stm32l0xx_hal_gpio.c ****     (#) To get the level of a pin configured in input mode use HAL_GPIO_ReadPin().
  77:Drivers/STM32L0xx_HAL_Driver/Src/stm32l0xx_hal_gpio.c ****             
  78:Drivers/STM32L0xx_HAL_Driver/Src/stm32l0xx_hal_gpio.c ****     (#) To set/reset the level of a pin configured in output mode use 
  79:Drivers/STM32L0xx_HAL_Driver/Src/stm32l0xx_hal_gpio.c ****         HAL_GPIO_WritePin()/HAL_GPIO_TogglePin().
  80:Drivers/STM32L0xx_HAL_Driver/Src/stm32l0xx_hal_gpio.c **** 
  81:Drivers/STM32L0xx_HAL_Driver/Src/stm32l0xx_hal_gpio.c ****     (#) To lock pin configuration until next reset use HAL_GPIO_LockPin().
  82:Drivers/STM32L0xx_HAL_Driver/Src/stm32l0xx_hal_gpio.c **** 
  83:Drivers/STM32L0xx_HAL_Driver/Src/stm32l0xx_hal_gpio.c ****     (#) During and just after reset, the alternate functions are not 
  84:Drivers/STM32L0xx_HAL_Driver/Src/stm32l0xx_hal_gpio.c ****         active and the GPIO pins are configured in input floating mode (except JTAG
  85:Drivers/STM32L0xx_HAL_Driver/Src/stm32l0xx_hal_gpio.c ****         pins).
  86:Drivers/STM32L0xx_HAL_Driver/Src/stm32l0xx_hal_gpio.c ****   
  87:Drivers/STM32L0xx_HAL_Driver/Src/stm32l0xx_hal_gpio.c ****     (#) The LSE oscillator pins OSC32_IN and OSC32_OUT can be used as general purpose 
  88:Drivers/STM32L0xx_HAL_Driver/Src/stm32l0xx_hal_gpio.c ****         (PC14 and PC15, respectively) when the LSE oscillator is off. The LSE has 
  89:Drivers/STM32L0xx_HAL_Driver/Src/stm32l0xx_hal_gpio.c ****         priority over the GPIO function.
  90:Drivers/STM32L0xx_HAL_Driver/Src/stm32l0xx_hal_gpio.c ****   
ARM GAS  /tmp/cca1AvLE.s 			page 3


  91:Drivers/STM32L0xx_HAL_Driver/Src/stm32l0xx_hal_gpio.c ****     (#) The HSE oscillator pins OSC_IN/OSC_OUT can be used as 
  92:Drivers/STM32L0xx_HAL_Driver/Src/stm32l0xx_hal_gpio.c ****         general purpose PH0 and PH1, respectively, when the HSE oscillator is off. 
  93:Drivers/STM32L0xx_HAL_Driver/Src/stm32l0xx_hal_gpio.c ****         The HSE has priority over the GPIO function.
  94:Drivers/STM32L0xx_HAL_Driver/Src/stm32l0xx_hal_gpio.c ****   
  95:Drivers/STM32L0xx_HAL_Driver/Src/stm32l0xx_hal_gpio.c ****   @endverbatim
  96:Drivers/STM32L0xx_HAL_Driver/Src/stm32l0xx_hal_gpio.c ****   ******************************************************************************
  97:Drivers/STM32L0xx_HAL_Driver/Src/stm32l0xx_hal_gpio.c ****   * @attention
  98:Drivers/STM32L0xx_HAL_Driver/Src/stm32l0xx_hal_gpio.c ****   *
  99:Drivers/STM32L0xx_HAL_Driver/Src/stm32l0xx_hal_gpio.c ****   * <h2><center>&copy; COPYRIGHT(c) 2016 STMicroelectronics</center></h2>
 100:Drivers/STM32L0xx_HAL_Driver/Src/stm32l0xx_hal_gpio.c ****   *
 101:Drivers/STM32L0xx_HAL_Driver/Src/stm32l0xx_hal_gpio.c ****   * Redistribution and use in source and binary forms, with or without modification,
 102:Drivers/STM32L0xx_HAL_Driver/Src/stm32l0xx_hal_gpio.c ****   * are permitted provided that the following conditions are met:
 103:Drivers/STM32L0xx_HAL_Driver/Src/stm32l0xx_hal_gpio.c ****   *   1. Redistributions of source code must retain the above copyright notice,
 104:Drivers/STM32L0xx_HAL_Driver/Src/stm32l0xx_hal_gpio.c ****   *      this list of conditions and the following disclaimer.
 105:Drivers/STM32L0xx_HAL_Driver/Src/stm32l0xx_hal_gpio.c ****   *   2. Redistributions in binary form must reproduce the above copyright notice,
 106:Drivers/STM32L0xx_HAL_Driver/Src/stm32l0xx_hal_gpio.c ****   *      this list of conditions and the following disclaimer in the documentation
 107:Drivers/STM32L0xx_HAL_Driver/Src/stm32l0xx_hal_gpio.c ****   *      and/or other materials provided with the distribution.
 108:Drivers/STM32L0xx_HAL_Driver/Src/stm32l0xx_hal_gpio.c ****   *   3. Neither the name of STMicroelectronics nor the names of its contributors
 109:Drivers/STM32L0xx_HAL_Driver/Src/stm32l0xx_hal_gpio.c ****   *      may be used to endorse or promote products derived from this software
 110:Drivers/STM32L0xx_HAL_Driver/Src/stm32l0xx_hal_gpio.c ****   *      without specific prior written permission.
 111:Drivers/STM32L0xx_HAL_Driver/Src/stm32l0xx_hal_gpio.c ****   *
 112:Drivers/STM32L0xx_HAL_Driver/Src/stm32l0xx_hal_gpio.c ****   * THIS SOFTWARE IS PROVIDED BY THE COPYRIGHT HOLDERS AND CONTRIBUTORS "AS IS"
 113:Drivers/STM32L0xx_HAL_Driver/Src/stm32l0xx_hal_gpio.c ****   * AND ANY EXPRESS OR IMPLIED WARRANTIES, INCLUDING, BUT NOT LIMITED TO, THE
 114:Drivers/STM32L0xx_HAL_Driver/Src/stm32l0xx_hal_gpio.c ****   * IMPLIED WARRANTIES OF MERCHANTABILITY AND FITNESS FOR A PARTICULAR PURPOSE ARE
 115:Drivers/STM32L0xx_HAL_Driver/Src/stm32l0xx_hal_gpio.c ****   * DISCLAIMED. IN NO EVENT SHALL THE COPYRIGHT HOLDER OR CONTRIBUTORS BE LIABLE
 116:Drivers/STM32L0xx_HAL_Driver/Src/stm32l0xx_hal_gpio.c ****   * FOR ANY DIRECT, INDIRECT, INCIDENTAL, SPECIAL, EXEMPLARY, OR CONSEQUENTIAL
 117:Drivers/STM32L0xx_HAL_Driver/Src/stm32l0xx_hal_gpio.c ****   * DAMAGES (INCLUDING, BUT NOT LIMITED TO, PROCUREMENT OF SUBSTITUTE GOODS OR
 118:Drivers/STM32L0xx_HAL_Driver/Src/stm32l0xx_hal_gpio.c ****   * SERVICES; LOSS OF USE, DATA, OR PROFITS; OR BUSINESS INTERRUPTION) HOWEVER
 119:Drivers/STM32L0xx_HAL_Driver/Src/stm32l0xx_hal_gpio.c ****   * CAUSED AND ON ANY THEORY OF LIABILITY, WHETHER IN CONTRACT, STRICT LIABILITY,
 120:Drivers/STM32L0xx_HAL_Driver/Src/stm32l0xx_hal_gpio.c ****   * OR TORT (INCLUDING NEGLIGENCE OR OTHERWISE) ARISING IN ANY WAY OUT OF THE USE
 121:Drivers/STM32L0xx_HAL_Driver/Src/stm32l0xx_hal_gpio.c ****   * OF THIS SOFTWARE, EVEN IF ADVISED OF THE POSSIBILITY OF SUCH DAMAGE.
 122:Drivers/STM32L0xx_HAL_Driver/Src/stm32l0xx_hal_gpio.c ****   *
 123:Drivers/STM32L0xx_HAL_Driver/Src/stm32l0xx_hal_gpio.c ****   ******************************************************************************  
 124:Drivers/STM32L0xx_HAL_Driver/Src/stm32l0xx_hal_gpio.c ****   */ 
 125:Drivers/STM32L0xx_HAL_Driver/Src/stm32l0xx_hal_gpio.c **** 
 126:Drivers/STM32L0xx_HAL_Driver/Src/stm32l0xx_hal_gpio.c **** /* Includes ------------------------------------------------------------------*/
 127:Drivers/STM32L0xx_HAL_Driver/Src/stm32l0xx_hal_gpio.c **** #include "stm32l0xx_hal.h"
 128:Drivers/STM32L0xx_HAL_Driver/Src/stm32l0xx_hal_gpio.c **** 
 129:Drivers/STM32L0xx_HAL_Driver/Src/stm32l0xx_hal_gpio.c **** /** @addtogroup STM32L0xx_HAL_Driver
 130:Drivers/STM32L0xx_HAL_Driver/Src/stm32l0xx_hal_gpio.c ****   * @{
 131:Drivers/STM32L0xx_HAL_Driver/Src/stm32l0xx_hal_gpio.c ****   */
 132:Drivers/STM32L0xx_HAL_Driver/Src/stm32l0xx_hal_gpio.c **** 
 133:Drivers/STM32L0xx_HAL_Driver/Src/stm32l0xx_hal_gpio.c **** #ifdef HAL_GPIO_MODULE_ENABLED
 134:Drivers/STM32L0xx_HAL_Driver/Src/stm32l0xx_hal_gpio.c **** 
 135:Drivers/STM32L0xx_HAL_Driver/Src/stm32l0xx_hal_gpio.c **** /** @addtogroup GPIO
 136:Drivers/STM32L0xx_HAL_Driver/Src/stm32l0xx_hal_gpio.c ****   * @brief GPIO HAL module driver
 137:Drivers/STM32L0xx_HAL_Driver/Src/stm32l0xx_hal_gpio.c ****   * @{
 138:Drivers/STM32L0xx_HAL_Driver/Src/stm32l0xx_hal_gpio.c ****   */
 139:Drivers/STM32L0xx_HAL_Driver/Src/stm32l0xx_hal_gpio.c **** 
 140:Drivers/STM32L0xx_HAL_Driver/Src/stm32l0xx_hal_gpio.c **** /** @addtogroup GPIO_Private
 141:Drivers/STM32L0xx_HAL_Driver/Src/stm32l0xx_hal_gpio.c ****   * @{
 142:Drivers/STM32L0xx_HAL_Driver/Src/stm32l0xx_hal_gpio.c ****   */
 143:Drivers/STM32L0xx_HAL_Driver/Src/stm32l0xx_hal_gpio.c **** /* Private define ------------------------------------------------------------*/
 144:Drivers/STM32L0xx_HAL_Driver/Src/stm32l0xx_hal_gpio.c **** 
 145:Drivers/STM32L0xx_HAL_Driver/Src/stm32l0xx_hal_gpio.c ****  
 146:Drivers/STM32L0xx_HAL_Driver/Src/stm32l0xx_hal_gpio.c **** #define GPIO_MODE             ((uint32_t)0x00000003U)
 147:Drivers/STM32L0xx_HAL_Driver/Src/stm32l0xx_hal_gpio.c **** #define EXTI_MODE             ((uint32_t)0x10000000U)
ARM GAS  /tmp/cca1AvLE.s 			page 4


 148:Drivers/STM32L0xx_HAL_Driver/Src/stm32l0xx_hal_gpio.c **** #define GPIO_MODE_IT          ((uint32_t)0x00010000U)
 149:Drivers/STM32L0xx_HAL_Driver/Src/stm32l0xx_hal_gpio.c **** #define GPIO_MODE_EVT         ((uint32_t)0x00020000U)
 150:Drivers/STM32L0xx_HAL_Driver/Src/stm32l0xx_hal_gpio.c **** #define RISING_EDGE           ((uint32_t)0x00100000U) 
 151:Drivers/STM32L0xx_HAL_Driver/Src/stm32l0xx_hal_gpio.c **** #define FALLING_EDGE          ((uint32_t)0x00200000U) 
 152:Drivers/STM32L0xx_HAL_Driver/Src/stm32l0xx_hal_gpio.c **** #define GPIO_OUTPUT_TYPE      ((uint32_t)0x00000010U)
 153:Drivers/STM32L0xx_HAL_Driver/Src/stm32l0xx_hal_gpio.c **** 
 154:Drivers/STM32L0xx_HAL_Driver/Src/stm32l0xx_hal_gpio.c **** #define GPIO_NUMBER           ((uint32_t)16U)
 155:Drivers/STM32L0xx_HAL_Driver/Src/stm32l0xx_hal_gpio.c **** 
 156:Drivers/STM32L0xx_HAL_Driver/Src/stm32l0xx_hal_gpio.c **** /**
 157:Drivers/STM32L0xx_HAL_Driver/Src/stm32l0xx_hal_gpio.c ****   * @}
 158:Drivers/STM32L0xx_HAL_Driver/Src/stm32l0xx_hal_gpio.c ****   */
 159:Drivers/STM32L0xx_HAL_Driver/Src/stm32l0xx_hal_gpio.c **** /** @addtogroup GPIO_Exported_Functions
 160:Drivers/STM32L0xx_HAL_Driver/Src/stm32l0xx_hal_gpio.c ****   * @{
 161:Drivers/STM32L0xx_HAL_Driver/Src/stm32l0xx_hal_gpio.c ****   */
 162:Drivers/STM32L0xx_HAL_Driver/Src/stm32l0xx_hal_gpio.c **** 
 163:Drivers/STM32L0xx_HAL_Driver/Src/stm32l0xx_hal_gpio.c **** /** @addtogroup GPIO_Exported_Functions_Group1
 164:Drivers/STM32L0xx_HAL_Driver/Src/stm32l0xx_hal_gpio.c ****  *  @brief    Initialization and de-initialization functions
 165:Drivers/STM32L0xx_HAL_Driver/Src/stm32l0xx_hal_gpio.c ****  *
 166:Drivers/STM32L0xx_HAL_Driver/Src/stm32l0xx_hal_gpio.c **** @verbatim
 167:Drivers/STM32L0xx_HAL_Driver/Src/stm32l0xx_hal_gpio.c ****  ===============================================================================
 168:Drivers/STM32L0xx_HAL_Driver/Src/stm32l0xx_hal_gpio.c ****               ##### Initialization and de-initialization functions #####
 169:Drivers/STM32L0xx_HAL_Driver/Src/stm32l0xx_hal_gpio.c ****  ===============================================================================
 170:Drivers/STM32L0xx_HAL_Driver/Src/stm32l0xx_hal_gpio.c ****  
 171:Drivers/STM32L0xx_HAL_Driver/Src/stm32l0xx_hal_gpio.c **** @endverbatim
 172:Drivers/STM32L0xx_HAL_Driver/Src/stm32l0xx_hal_gpio.c ****   * @{
 173:Drivers/STM32L0xx_HAL_Driver/Src/stm32l0xx_hal_gpio.c ****   */
 174:Drivers/STM32L0xx_HAL_Driver/Src/stm32l0xx_hal_gpio.c **** 
 175:Drivers/STM32L0xx_HAL_Driver/Src/stm32l0xx_hal_gpio.c **** /**
 176:Drivers/STM32L0xx_HAL_Driver/Src/stm32l0xx_hal_gpio.c ****   * @brief  Initializes the GPIOx peripheral according to the specified parameters in the GPIO_Init
 177:Drivers/STM32L0xx_HAL_Driver/Src/stm32l0xx_hal_gpio.c ****   * @param  GPIOx: where x can be (A..E and H) to select the GPIO peripheral for STM32L0XX family d
 178:Drivers/STM32L0xx_HAL_Driver/Src/stm32l0xx_hal_gpio.c ****   *                Note that GPIOE is not available on all devices.
 179:Drivers/STM32L0xx_HAL_Driver/Src/stm32l0xx_hal_gpio.c ****   * @param  GPIO_Init: pointer to a GPIO_InitTypeDef structure that contains
 180:Drivers/STM32L0xx_HAL_Driver/Src/stm32l0xx_hal_gpio.c ****   *                    the configuration information for the specified GPIO peripheral.
 181:Drivers/STM32L0xx_HAL_Driver/Src/stm32l0xx_hal_gpio.c ****   * @retval None
 182:Drivers/STM32L0xx_HAL_Driver/Src/stm32l0xx_hal_gpio.c ****   */
 183:Drivers/STM32L0xx_HAL_Driver/Src/stm32l0xx_hal_gpio.c **** void HAL_GPIO_Init(GPIO_TypeDef  *GPIOx, GPIO_InitTypeDef *GPIO_Init)
 184:Drivers/STM32L0xx_HAL_Driver/Src/stm32l0xx_hal_gpio.c **** {
  26              		.loc 1 184 0
  27              		.cfi_startproc
  28              		@ args = 0, pretend = 0, frame = 0
  29              		@ frame_needed = 0, uses_anonymous_args = 0
  30              	.LVL0:
  31 0000 F0B5     		push	{r4, r5, r6, r7, lr}
  32              	.LCFI0:
  33              		.cfi_def_cfa_offset 20
  34              		.cfi_offset 4, -20
  35              		.cfi_offset 5, -16
  36              		.cfi_offset 6, -12
  37              		.cfi_offset 7, -8
  38              		.cfi_offset 14, -4
  39 0002 C646     		mov	lr, r8
  40 0004 00B5     		push	{lr}
  41              	.LCFI1:
  42              		.cfi_def_cfa_offset 24
  43              		.cfi_offset 8, -24
  44              	.LVL1:
 185:Drivers/STM32L0xx_HAL_Driver/Src/stm32l0xx_hal_gpio.c ****   uint32_t position = 0x00U;
ARM GAS  /tmp/cca1AvLE.s 			page 5


  45              		.loc 1 185 0
  46 0006 0023     		movs	r3, #0
 186:Drivers/STM32L0xx_HAL_Driver/Src/stm32l0xx_hal_gpio.c ****   uint32_t iocurrent = 0x00U;
 187:Drivers/STM32L0xx_HAL_Driver/Src/stm32l0xx_hal_gpio.c ****   uint32_t temp = 0x00U;
 188:Drivers/STM32L0xx_HAL_Driver/Src/stm32l0xx_hal_gpio.c ****  
 189:Drivers/STM32L0xx_HAL_Driver/Src/stm32l0xx_hal_gpio.c ****   /* Check the parameters */
 190:Drivers/STM32L0xx_HAL_Driver/Src/stm32l0xx_hal_gpio.c ****   assert_param(IS_GPIO_MODE(GPIO_Init->Mode));
 191:Drivers/STM32L0xx_HAL_Driver/Src/stm32l0xx_hal_gpio.c ****   assert_param(IS_GPIO_PULL(GPIO_Init->Pull));
 192:Drivers/STM32L0xx_HAL_Driver/Src/stm32l0xx_hal_gpio.c ****   assert_param(IS_GPIO_PIN_AVAILABLE(GPIOx,(GPIO_Init->Pin)));
 193:Drivers/STM32L0xx_HAL_Driver/Src/stm32l0xx_hal_gpio.c **** 
 194:Drivers/STM32L0xx_HAL_Driver/Src/stm32l0xx_hal_gpio.c ****   /* Configure the port pins */
 195:Drivers/STM32L0xx_HAL_Driver/Src/stm32l0xx_hal_gpio.c ****   while (((GPIO_Init->Pin) >> position) != 0)
  47              		.loc 1 195 0
  48 0008 88E0     		b	.L2
  49              	.LVL2:
  50              	.L4:
 196:Drivers/STM32L0xx_HAL_Driver/Src/stm32l0xx_hal_gpio.c ****   {
 197:Drivers/STM32L0xx_HAL_Driver/Src/stm32l0xx_hal_gpio.c ****     /* Get the IO position */
 198:Drivers/STM32L0xx_HAL_Driver/Src/stm32l0xx_hal_gpio.c ****     iocurrent = (GPIO_Init->Pin) & (1U << position);
 199:Drivers/STM32L0xx_HAL_Driver/Src/stm32l0xx_hal_gpio.c ****     
 200:Drivers/STM32L0xx_HAL_Driver/Src/stm32l0xx_hal_gpio.c ****     if(iocurrent)
 201:Drivers/STM32L0xx_HAL_Driver/Src/stm32l0xx_hal_gpio.c ****     {
 202:Drivers/STM32L0xx_HAL_Driver/Src/stm32l0xx_hal_gpio.c ****       /*--------------------- GPIO Mode Configuration ------------------------*/
 203:Drivers/STM32L0xx_HAL_Driver/Src/stm32l0xx_hal_gpio.c ****       /* In case of Alternate function mode selection */
 204:Drivers/STM32L0xx_HAL_Driver/Src/stm32l0xx_hal_gpio.c ****       if((GPIO_Init->Mode == GPIO_MODE_AF_PP) || (GPIO_Init->Mode == GPIO_MODE_AF_OD)) 
 205:Drivers/STM32L0xx_HAL_Driver/Src/stm32l0xx_hal_gpio.c ****       {
 206:Drivers/STM32L0xx_HAL_Driver/Src/stm32l0xx_hal_gpio.c ****         /* Check if the Alternate function is compliant with the GPIO in use */
 207:Drivers/STM32L0xx_HAL_Driver/Src/stm32l0xx_hal_gpio.c ****         assert_param(IS_GPIO_AF_AVAILABLE(GPIOx,(GPIO_Init->Alternate)));
 208:Drivers/STM32L0xx_HAL_Driver/Src/stm32l0xx_hal_gpio.c ****         /* Configure Alternate function mapped with the current IO */ 
 209:Drivers/STM32L0xx_HAL_Driver/Src/stm32l0xx_hal_gpio.c ****         temp = GPIOx->AFR[position >> 3U];
  51              		.loc 1 209 0
  52 000a DF08     		lsrs	r7, r3, #3
  53 000c 0837     		adds	r7, r7, #8
  54 000e BF00     		lsls	r7, r7, #2
  55 0010 3E58     		ldr	r6, [r7, r0]
  56              	.LVL3:
 210:Drivers/STM32L0xx_HAL_Driver/Src/stm32l0xx_hal_gpio.c ****         temp &= ~((uint32_t)0xFU << ((uint32_t)(position & (uint32_t)0x07U) * 4U)) ;
  57              		.loc 1 210 0
  58 0012 0725     		movs	r5, #7
  59 0014 1D40     		ands	r5, r3
  60 0016 AD00     		lsls	r5, r5, #2
  61 0018 0F22     		movs	r2, #15
  62              	.LVL4:
  63 001a AA40     		lsls	r2, r2, r5
  64 001c 9643     		bics	r6, r2
  65              	.LVL5:
 211:Drivers/STM32L0xx_HAL_Driver/Src/stm32l0xx_hal_gpio.c ****         temp |= ((uint32_t)(GPIO_Init->Alternate) << (((uint32_t)position & (uint32_t)0x07U) * 4U))
  66              		.loc 1 211 0
  67 001e 0A69     		ldr	r2, [r1, #16]
  68 0020 AA40     		lsls	r2, r2, r5
  69 0022 1500     		movs	r5, r2
  70 0024 3543     		orrs	r5, r6
  71              	.LVL6:
 212:Drivers/STM32L0xx_HAL_Driver/Src/stm32l0xx_hal_gpio.c ****         GPIOx->AFR[position >> 3U] = temp;
  72              		.loc 1 212 0
  73 0026 3D50     		str	r5, [r7, r0]
  74 0028 88E0     		b	.L5
ARM GAS  /tmp/cca1AvLE.s 			page 6


  75              	.LVL7:
  76              	.L6:
 213:Drivers/STM32L0xx_HAL_Driver/Src/stm32l0xx_hal_gpio.c ****       } 
 214:Drivers/STM32L0xx_HAL_Driver/Src/stm32l0xx_hal_gpio.c **** 
 215:Drivers/STM32L0xx_HAL_Driver/Src/stm32l0xx_hal_gpio.c ****       /* In case of Output or Alternate function mode selection */
 216:Drivers/STM32L0xx_HAL_Driver/Src/stm32l0xx_hal_gpio.c ****       if((GPIO_Init->Mode == GPIO_MODE_OUTPUT_PP) || (GPIO_Init->Mode == GPIO_MODE_AF_PP) ||
 217:Drivers/STM32L0xx_HAL_Driver/Src/stm32l0xx_hal_gpio.c ****          (GPIO_Init->Mode == GPIO_MODE_OUTPUT_OD) || (GPIO_Init->Mode == GPIO_MODE_AF_OD))
 218:Drivers/STM32L0xx_HAL_Driver/Src/stm32l0xx_hal_gpio.c ****       {
 219:Drivers/STM32L0xx_HAL_Driver/Src/stm32l0xx_hal_gpio.c ****         /* Check the Speed parameter */
 220:Drivers/STM32L0xx_HAL_Driver/Src/stm32l0xx_hal_gpio.c ****         assert_param(IS_GPIO_SPEED(GPIO_Init->Speed));
 221:Drivers/STM32L0xx_HAL_Driver/Src/stm32l0xx_hal_gpio.c ****         /* Configure the IO Speed */
 222:Drivers/STM32L0xx_HAL_Driver/Src/stm32l0xx_hal_gpio.c ****         temp = GPIOx->OSPEEDR;
  77              		.loc 1 222 0
  78 002a 8568     		ldr	r5, [r0, #8]
  79              	.LVL8:
 223:Drivers/STM32L0xx_HAL_Driver/Src/stm32l0xx_hal_gpio.c ****         temp &= ~(GPIO_OSPEEDER_OSPEED0 << (position * 2U));
  80              		.loc 1 223 0
  81 002c 5F00     		lsls	r7, r3, #1
  82 002e 0326     		movs	r6, #3
  83 0030 BE40     		lsls	r6, r6, r7
  84 0032 B543     		bics	r5, r6
  85              	.LVL9:
 224:Drivers/STM32L0xx_HAL_Driver/Src/stm32l0xx_hal_gpio.c ****         temp |= (GPIO_Init->Speed << (position * 2U));
  86              		.loc 1 224 0
  87 0034 CE68     		ldr	r6, [r1, #12]
  88 0036 BE40     		lsls	r6, r6, r7
  89 0038 3543     		orrs	r5, r6
  90              	.LVL10:
 225:Drivers/STM32L0xx_HAL_Driver/Src/stm32l0xx_hal_gpio.c ****         GPIOx->OSPEEDR = temp;
  91              		.loc 1 225 0
  92 003a 8560     		str	r5, [r0, #8]
 226:Drivers/STM32L0xx_HAL_Driver/Src/stm32l0xx_hal_gpio.c **** 
 227:Drivers/STM32L0xx_HAL_Driver/Src/stm32l0xx_hal_gpio.c ****         /* Configure the IO Output Type */
 228:Drivers/STM32L0xx_HAL_Driver/Src/stm32l0xx_hal_gpio.c ****         temp= GPIOx->OTYPER;
  93              		.loc 1 228 0
  94 003c 4568     		ldr	r5, [r0, #4]
  95              	.LVL11:
 229:Drivers/STM32L0xx_HAL_Driver/Src/stm32l0xx_hal_gpio.c ****         temp &= ~(GPIO_OTYPER_OT_0 << position) ;
  96              		.loc 1 229 0
  97 003e A543     		bics	r5, r4
  98              	.LVL12:
  99 0040 2C00     		movs	r4, r5
 100              	.LVL13:
 230:Drivers/STM32L0xx_HAL_Driver/Src/stm32l0xx_hal_gpio.c ****         temp |= (((GPIO_Init->Mode & GPIO_OUTPUT_TYPE) >> 4U) << position);
 101              		.loc 1 230 0
 102 0042 4A68     		ldr	r2, [r1, #4]
 103 0044 1609     		lsrs	r6, r2, #4
 104 0046 0125     		movs	r5, #1
 105 0048 3540     		ands	r5, r6
 106 004a 9D40     		lsls	r5, r5, r3
 107 004c 2C43     		orrs	r4, r5
 108              	.LVL14:
 231:Drivers/STM32L0xx_HAL_Driver/Src/stm32l0xx_hal_gpio.c ****         GPIOx->OTYPER = temp;
 109              		.loc 1 231 0
 110 004e 4460     		str	r4, [r0, #4]
 111              	.LVL15:
 112              	.L7:
ARM GAS  /tmp/cca1AvLE.s 			page 7


 232:Drivers/STM32L0xx_HAL_Driver/Src/stm32l0xx_hal_gpio.c ****       }
 233:Drivers/STM32L0xx_HAL_Driver/Src/stm32l0xx_hal_gpio.c **** 
 234:Drivers/STM32L0xx_HAL_Driver/Src/stm32l0xx_hal_gpio.c ****       /* Configure IO Direction mode (Input, Output, Alternate or Analog) */
 235:Drivers/STM32L0xx_HAL_Driver/Src/stm32l0xx_hal_gpio.c ****       temp = GPIOx->MODER;
 113              		.loc 1 235 0
 114 0050 0568     		ldr	r5, [r0]
 115              	.LVL16:
 236:Drivers/STM32L0xx_HAL_Driver/Src/stm32l0xx_hal_gpio.c ****       temp &= ~(GPIO_MODER_MODE0 << (position * 2U));
 116              		.loc 1 236 0
 117 0052 5E00     		lsls	r6, r3, #1
 118 0054 0324     		movs	r4, #3
 119 0056 2700     		movs	r7, r4
 120 0058 B740     		lsls	r7, r7, r6
 121 005a FF43     		mvns	r7, r7
 122 005c 3D40     		ands	r5, r7
 123              	.LVL17:
 237:Drivers/STM32L0xx_HAL_Driver/Src/stm32l0xx_hal_gpio.c ****       temp |= ((GPIO_Init->Mode & GPIO_MODE) << (position * 2U));
 124              		.loc 1 237 0
 125 005e 4A68     		ldr	r2, [r1, #4]
 126 0060 1440     		ands	r4, r2
 127 0062 B440     		lsls	r4, r4, r6
 128 0064 2C43     		orrs	r4, r5
 129              	.LVL18:
 238:Drivers/STM32L0xx_HAL_Driver/Src/stm32l0xx_hal_gpio.c ****       GPIOx->MODER = temp;
 130              		.loc 1 238 0
 131 0066 0460     		str	r4, [r0]
 239:Drivers/STM32L0xx_HAL_Driver/Src/stm32l0xx_hal_gpio.c **** 
 240:Drivers/STM32L0xx_HAL_Driver/Src/stm32l0xx_hal_gpio.c ****       /* Activate the Pull-up or Pull down resistor for the current IO */
 241:Drivers/STM32L0xx_HAL_Driver/Src/stm32l0xx_hal_gpio.c ****       temp = GPIOx->PUPDR;
 132              		.loc 1 241 0
 133 0068 C468     		ldr	r4, [r0, #12]
 134              	.LVL19:
 242:Drivers/STM32L0xx_HAL_Driver/Src/stm32l0xx_hal_gpio.c ****       temp &= ~(GPIO_PUPDR_PUPD0 << (position * 2U));
 135              		.loc 1 242 0
 136 006a 3C40     		ands	r4, r7
 137              	.LVL20:
 243:Drivers/STM32L0xx_HAL_Driver/Src/stm32l0xx_hal_gpio.c ****       temp |= ((GPIO_Init->Pull) << (position * 2U)); 
 138              		.loc 1 243 0
 139 006c 8D68     		ldr	r5, [r1, #8]
 140 006e B540     		lsls	r5, r5, r6
 141 0070 2C43     		orrs	r4, r5
 142              	.LVL21:
 244:Drivers/STM32L0xx_HAL_Driver/Src/stm32l0xx_hal_gpio.c ****       GPIOx->PUPDR = temp;
 143              		.loc 1 244 0
 144 0072 C460     		str	r4, [r0, #12]
 245:Drivers/STM32L0xx_HAL_Driver/Src/stm32l0xx_hal_gpio.c **** 
 246:Drivers/STM32L0xx_HAL_Driver/Src/stm32l0xx_hal_gpio.c ****       /*--------------------- EXTI Mode Configuration ------------------------*/
 247:Drivers/STM32L0xx_HAL_Driver/Src/stm32l0xx_hal_gpio.c ****       /* Configure the External Interrupt or event for the current IO */
 248:Drivers/STM32L0xx_HAL_Driver/Src/stm32l0xx_hal_gpio.c ****       if((GPIO_Init->Mode & EXTI_MODE) == EXTI_MODE) 
 145              		.loc 1 248 0
 146 0074 4A68     		ldr	r2, [r1, #4]
 147 0076 D200     		lsls	r2, r2, #3
 148 0078 4FD5     		bpl	.L3
 249:Drivers/STM32L0xx_HAL_Driver/Src/stm32l0xx_hal_gpio.c ****       {
 250:Drivers/STM32L0xx_HAL_Driver/Src/stm32l0xx_hal_gpio.c ****         /* Enable SYSCFG Clock */
 251:Drivers/STM32L0xx_HAL_Driver/Src/stm32l0xx_hal_gpio.c ****         __HAL_RCC_SYSCFG_CLK_ENABLE();
 149              		.loc 1 251 0
ARM GAS  /tmp/cca1AvLE.s 			page 8


 150 007a 3B4D     		ldr	r5, .L19
 151 007c 6C6B     		ldr	r4, [r5, #52]
 152              	.LVL22:
 153 007e 0126     		movs	r6, #1
 154 0080 3443     		orrs	r4, r6
 155 0082 6C63     		str	r4, [r5, #52]
 156              	.LVL23:
 252:Drivers/STM32L0xx_HAL_Driver/Src/stm32l0xx_hal_gpio.c ****         
 253:Drivers/STM32L0xx_HAL_Driver/Src/stm32l0xx_hal_gpio.c ****         temp = SYSCFG->EXTICR[position >> 2U];
 157              		.loc 1 253 0
 158 0084 9C08     		lsrs	r4, r3, #2
 159 0086 A51C     		adds	r5, r4, #2
 160 0088 AD00     		lsls	r5, r5, #2
 161 008a 384E     		ldr	r6, .L19+4
 162 008c AE59     		ldr	r6, [r5, r6]
 163              	.LVL24:
 254:Drivers/STM32L0xx_HAL_Driver/Src/stm32l0xx_hal_gpio.c ****         CLEAR_BIT(temp, ((uint32_t)0x0FU) << (4U * (position & 0x03U)));
 164              		.loc 1 254 0
 165 008e 0325     		movs	r5, #3
 166 0090 1D40     		ands	r5, r3
 167 0092 AD00     		lsls	r5, r5, #2
 168 0094 0F27     		movs	r7, #15
 169 0096 AF40     		lsls	r7, r7, r5
 170 0098 BE43     		bics	r6, r7
 171              	.LVL25:
 255:Drivers/STM32L0xx_HAL_Driver/Src/stm32l0xx_hal_gpio.c ****         SET_BIT(temp, (GPIO_GET_INDEX(GPIOx)) << (4 * (position & 0x03U)));
 172              		.loc 1 255 0
 173 009a A027     		movs	r7, #160
 174 009c FF05     		lsls	r7, r7, #23
 175 009e B842     		cmp	r0, r7
 176 00a0 5AD0     		beq	.L14
 177              		.loc 1 255 0 is_stmt 0 discriminator 1
 178 00a2 334F     		ldr	r7, .L19+8
 179 00a4 B842     		cmp	r0, r7
 180 00a6 59D0     		beq	.L15
 181              		.loc 1 255 0 discriminator 3
 182 00a8 324F     		ldr	r7, .L19+12
 183 00aa B842     		cmp	r0, r7
 184 00ac 52D0     		beq	.L17
 185              		.loc 1 255 0
 186 00ae 0627     		movs	r7, #6
 187              	.L8:
 188              		.loc 1 255 0 discriminator 12
 189 00b0 AF40     		lsls	r7, r7, r5
 190 00b2 3D00     		movs	r5, r7
 191 00b4 3543     		orrs	r5, r6
 192              	.LVL26:
 256:Drivers/STM32L0xx_HAL_Driver/Src/stm32l0xx_hal_gpio.c ****         SYSCFG->EXTICR[position >> 2U] = temp;
 193              		.loc 1 256 0 is_stmt 1 discriminator 12
 194 00b6 0234     		adds	r4, r4, #2
 195 00b8 A400     		lsls	r4, r4, #2
 196 00ba 2C4E     		ldr	r6, .L19+4
 197 00bc A551     		str	r5, [r4, r6]
 257:Drivers/STM32L0xx_HAL_Driver/Src/stm32l0xx_hal_gpio.c ****                   
 258:Drivers/STM32L0xx_HAL_Driver/Src/stm32l0xx_hal_gpio.c ****         /* Clear EXTI line configuration */
 259:Drivers/STM32L0xx_HAL_Driver/Src/stm32l0xx_hal_gpio.c ****         temp = EXTI->IMR;
 198              		.loc 1 259 0 discriminator 12
ARM GAS  /tmp/cca1AvLE.s 			page 9


 199 00be 2E4C     		ldr	r4, .L19+16
 200 00c0 2568     		ldr	r5, [r4]
 201              	.LVL27:
 260:Drivers/STM32L0xx_HAL_Driver/Src/stm32l0xx_hal_gpio.c ****         temp &= ~((uint32_t)iocurrent);
 202              		.loc 1 260 0 discriminator 12
 203 00c2 4246     		mov	r2, r8
 204 00c4 D443     		mvns	r4, r2
 205 00c6 2600     		movs	r6, r4
 206 00c8 2E40     		ands	r6, r5
 207              	.LVL28:
 261:Drivers/STM32L0xx_HAL_Driver/Src/stm32l0xx_hal_gpio.c ****         if((GPIO_Init->Mode & GPIO_MODE_IT) == GPIO_MODE_IT)
 208              		.loc 1 261 0 discriminator 12
 209 00ca 4A68     		ldr	r2, [r1, #4]
 210 00cc D203     		lsls	r2, r2, #15
 211 00ce 02D5     		bpl	.L9
 262:Drivers/STM32L0xx_HAL_Driver/Src/stm32l0xx_hal_gpio.c ****         {
 263:Drivers/STM32L0xx_HAL_Driver/Src/stm32l0xx_hal_gpio.c ****           temp |= iocurrent;
 212              		.loc 1 263 0
 213 00d0 4246     		mov	r2, r8
 214 00d2 1543     		orrs	r5, r2
 215 00d4 2E00     		movs	r6, r5
 216              	.LVL29:
 217              	.L9:
 264:Drivers/STM32L0xx_HAL_Driver/Src/stm32l0xx_hal_gpio.c ****         }
 265:Drivers/STM32L0xx_HAL_Driver/Src/stm32l0xx_hal_gpio.c ****         EXTI->IMR = temp;
 218              		.loc 1 265 0
 219 00d6 284D     		ldr	r5, .L19+16
 220 00d8 2E60     		str	r6, [r5]
 266:Drivers/STM32L0xx_HAL_Driver/Src/stm32l0xx_hal_gpio.c **** 
 267:Drivers/STM32L0xx_HAL_Driver/Src/stm32l0xx_hal_gpio.c ****         temp = EXTI->EMR;
 221              		.loc 1 267 0
 222 00da 6D68     		ldr	r5, [r5, #4]
 223              	.LVL30:
 268:Drivers/STM32L0xx_HAL_Driver/Src/stm32l0xx_hal_gpio.c ****         temp &= ~((uint32_t)iocurrent);
 224              		.loc 1 268 0
 225 00dc 2E00     		movs	r6, r5
 226 00de 2640     		ands	r6, r4
 227              	.LVL31:
 269:Drivers/STM32L0xx_HAL_Driver/Src/stm32l0xx_hal_gpio.c ****         if((GPIO_Init->Mode & GPIO_MODE_EVT) == GPIO_MODE_EVT)
 228              		.loc 1 269 0
 229 00e0 4A68     		ldr	r2, [r1, #4]
 230 00e2 9203     		lsls	r2, r2, #14
 231 00e4 02D5     		bpl	.L10
 270:Drivers/STM32L0xx_HAL_Driver/Src/stm32l0xx_hal_gpio.c ****         {
 271:Drivers/STM32L0xx_HAL_Driver/Src/stm32l0xx_hal_gpio.c ****           temp |= iocurrent;
 232              		.loc 1 271 0
 233 00e6 4246     		mov	r2, r8
 234 00e8 1543     		orrs	r5, r2
 235 00ea 2E00     		movs	r6, r5
 236              	.LVL32:
 237              	.L10:
 272:Drivers/STM32L0xx_HAL_Driver/Src/stm32l0xx_hal_gpio.c ****         }
 273:Drivers/STM32L0xx_HAL_Driver/Src/stm32l0xx_hal_gpio.c ****         EXTI->EMR = temp;
 238              		.loc 1 273 0
 239 00ec 224D     		ldr	r5, .L19+16
 240 00ee 6E60     		str	r6, [r5, #4]
 274:Drivers/STM32L0xx_HAL_Driver/Src/stm32l0xx_hal_gpio.c **** 
ARM GAS  /tmp/cca1AvLE.s 			page 10


 275:Drivers/STM32L0xx_HAL_Driver/Src/stm32l0xx_hal_gpio.c ****         /* Clear Rising Falling edge configuration */
 276:Drivers/STM32L0xx_HAL_Driver/Src/stm32l0xx_hal_gpio.c ****         temp = EXTI->RTSR;
 241              		.loc 1 276 0
 242 00f0 AD68     		ldr	r5, [r5, #8]
 243              	.LVL33:
 277:Drivers/STM32L0xx_HAL_Driver/Src/stm32l0xx_hal_gpio.c ****         temp &= ~((uint32_t)iocurrent);
 244              		.loc 1 277 0
 245 00f2 2E00     		movs	r6, r5
 246 00f4 2640     		ands	r6, r4
 247              	.LVL34:
 278:Drivers/STM32L0xx_HAL_Driver/Src/stm32l0xx_hal_gpio.c ****         if((GPIO_Init->Mode & RISING_EDGE) == RISING_EDGE)
 248              		.loc 1 278 0
 249 00f6 4A68     		ldr	r2, [r1, #4]
 250 00f8 D202     		lsls	r2, r2, #11
 251 00fa 02D5     		bpl	.L11
 279:Drivers/STM32L0xx_HAL_Driver/Src/stm32l0xx_hal_gpio.c ****         {
 280:Drivers/STM32L0xx_HAL_Driver/Src/stm32l0xx_hal_gpio.c ****           temp |= iocurrent;
 252              		.loc 1 280 0
 253 00fc 4246     		mov	r2, r8
 254 00fe 1543     		orrs	r5, r2
 255 0100 2E00     		movs	r6, r5
 256              	.LVL35:
 257              	.L11:
 281:Drivers/STM32L0xx_HAL_Driver/Src/stm32l0xx_hal_gpio.c ****         }
 282:Drivers/STM32L0xx_HAL_Driver/Src/stm32l0xx_hal_gpio.c ****         EXTI->RTSR = temp;
 258              		.loc 1 282 0
 259 0102 1D4D     		ldr	r5, .L19+16
 260 0104 AE60     		str	r6, [r5, #8]
 283:Drivers/STM32L0xx_HAL_Driver/Src/stm32l0xx_hal_gpio.c **** 
 284:Drivers/STM32L0xx_HAL_Driver/Src/stm32l0xx_hal_gpio.c ****         temp = EXTI->FTSR;
 261              		.loc 1 284 0
 262 0106 ED68     		ldr	r5, [r5, #12]
 263              	.LVL36:
 285:Drivers/STM32L0xx_HAL_Driver/Src/stm32l0xx_hal_gpio.c ****         temp &= ~((uint32_t)iocurrent);
 264              		.loc 1 285 0
 265 0108 2C40     		ands	r4, r5
 266              	.LVL37:
 286:Drivers/STM32L0xx_HAL_Driver/Src/stm32l0xx_hal_gpio.c ****         if((GPIO_Init->Mode & FALLING_EDGE) == FALLING_EDGE)
 267              		.loc 1 286 0
 268 010a 4A68     		ldr	r2, [r1, #4]
 269 010c 9202     		lsls	r2, r2, #10
 270 010e 02D5     		bpl	.L12
 287:Drivers/STM32L0xx_HAL_Driver/Src/stm32l0xx_hal_gpio.c ****         {
 288:Drivers/STM32L0xx_HAL_Driver/Src/stm32l0xx_hal_gpio.c ****           temp |= iocurrent;
 271              		.loc 1 288 0
 272 0110 4246     		mov	r2, r8
 273 0112 2A43     		orrs	r2, r5
 274 0114 1400     		movs	r4, r2
 275              	.LVL38:
 276              	.L12:
 289:Drivers/STM32L0xx_HAL_Driver/Src/stm32l0xx_hal_gpio.c ****         }
 290:Drivers/STM32L0xx_HAL_Driver/Src/stm32l0xx_hal_gpio.c ****         EXTI->FTSR = temp;
 277              		.loc 1 290 0
 278 0116 184A     		ldr	r2, .L19+16
 279 0118 D460     		str	r4, [r2, #12]
 280              	.LVL39:
 281              	.L3:
ARM GAS  /tmp/cca1AvLE.s 			page 11


 291:Drivers/STM32L0xx_HAL_Driver/Src/stm32l0xx_hal_gpio.c ****       }
 292:Drivers/STM32L0xx_HAL_Driver/Src/stm32l0xx_hal_gpio.c ****     }
 293:Drivers/STM32L0xx_HAL_Driver/Src/stm32l0xx_hal_gpio.c ****     position++;
 282              		.loc 1 293 0
 283 011a 0133     		adds	r3, r3, #1
 284              	.LVL40:
 285              	.L2:
 195:Drivers/STM32L0xx_HAL_Driver/Src/stm32l0xx_hal_gpio.c ****   {
 286              		.loc 1 195 0
 287 011c 0A68     		ldr	r2, [r1]
 288 011e 1400     		movs	r4, r2
 289 0120 DC40     		lsrs	r4, r4, r3
 290 0122 1DD0     		beq	.L18
 198:Drivers/STM32L0xx_HAL_Driver/Src/stm32l0xx_hal_gpio.c ****     
 291              		.loc 1 198 0
 292 0124 0124     		movs	r4, #1
 293 0126 9C40     		lsls	r4, r4, r3
 294 0128 2240     		ands	r2, r4
 295 012a 9046     		mov	r8, r2
 296              	.LVL41:
 200:Drivers/STM32L0xx_HAL_Driver/Src/stm32l0xx_hal_gpio.c ****     {
 297              		.loc 1 200 0
 298 012c F5D0     		beq	.L3
 204:Drivers/STM32L0xx_HAL_Driver/Src/stm32l0xx_hal_gpio.c ****       {
 299              		.loc 1 204 0
 300 012e 4D68     		ldr	r5, [r1, #4]
 301 0130 022D     		cmp	r5, #2
 302 0132 00D1     		bne	.LCB312
 303 0134 69E7     		b	.L4	@long jump
 304              	.LCB312:
 204:Drivers/STM32L0xx_HAL_Driver/Src/stm32l0xx_hal_gpio.c ****       {
 305              		.loc 1 204 0 is_stmt 0 discriminator 1
 306 0136 122D     		cmp	r5, #18
 307 0138 00D1     		bne	.LCB314
 308 013a 66E7     		b	.L4	@long jump
 309              	.LCB314:
 310              	.LVL42:
 311              	.L5:
 216:Drivers/STM32L0xx_HAL_Driver/Src/stm32l0xx_hal_gpio.c ****          (GPIO_Init->Mode == GPIO_MODE_OUTPUT_OD) || (GPIO_Init->Mode == GPIO_MODE_AF_OD))
 312              		.loc 1 216 0 is_stmt 1
 313 013c 4D68     		ldr	r5, [r1, #4]
 314 013e 6E1E     		subs	r6, r5, #1
 315 0140 012E     		cmp	r6, #1
 316 0142 00D8     		bhi	.LCB320
 317 0144 71E7     		b	.L6	@long jump
 318              	.LCB320:
 216:Drivers/STM32L0xx_HAL_Driver/Src/stm32l0xx_hal_gpio.c ****          (GPIO_Init->Mode == GPIO_MODE_OUTPUT_OD) || (GPIO_Init->Mode == GPIO_MODE_AF_OD))
 319              		.loc 1 216 0 is_stmt 0 discriminator 1
 320 0146 112D     		cmp	r5, #17
 321 0148 00D1     		bne	.LCB322
 322 014a 6EE7     		b	.L6	@long jump
 323              	.LCB322:
 217:Drivers/STM32L0xx_HAL_Driver/Src/stm32l0xx_hal_gpio.c ****       {
 324              		.loc 1 217 0 is_stmt 1
 325 014c 122D     		cmp	r5, #18
 326 014e 00D0     		beq	.LCB324
 327 0150 7EE7     		b	.L7	@long jump
ARM GAS  /tmp/cca1AvLE.s 			page 12


 328              	.LCB324:
 329 0152 6AE7     		b	.L6
 330              	.LVL43:
 331              	.L17:
 255:Drivers/STM32L0xx_HAL_Driver/Src/stm32l0xx_hal_gpio.c ****         SYSCFG->EXTICR[position >> 2U] = temp;
 332              		.loc 1 255 0
 333 0154 0227     		movs	r7, #2
 334 0156 ABE7     		b	.L8
 335              	.L14:
 336 0158 0027     		movs	r7, #0
 337 015a A9E7     		b	.L8
 338              	.L15:
 339 015c 0127     		movs	r7, #1
 340 015e A7E7     		b	.L8
 341              	.LVL44:
 342              	.L18:
 294:Drivers/STM32L0xx_HAL_Driver/Src/stm32l0xx_hal_gpio.c ****   }
 295:Drivers/STM32L0xx_HAL_Driver/Src/stm32l0xx_hal_gpio.c **** }
 343              		.loc 1 295 0
 344              		@ sp needed
 345 0160 04BC     		pop	{r2}
 346 0162 9046     		mov	r8, r2
 347 0164 F0BD     		pop	{r4, r5, r6, r7, pc}
 348              	.L20:
 349 0166 C046     		.align	2
 350              	.L19:
 351 0168 00100240 		.word	1073876992
 352 016c 00000140 		.word	1073807360
 353 0170 00040050 		.word	1342178304
 354 0174 00080050 		.word	1342179328
 355 0178 00040140 		.word	1073808384
 356              		.cfi_endproc
 357              	.LFE35:
 359              		.section	.text.HAL_GPIO_DeInit,"ax",%progbits
 360              		.align	1
 361              		.global	HAL_GPIO_DeInit
 362              		.syntax unified
 363              		.code	16
 364              		.thumb_func
 365              		.fpu softvfp
 367              	HAL_GPIO_DeInit:
 368              	.LFB36:
 296:Drivers/STM32L0xx_HAL_Driver/Src/stm32l0xx_hal_gpio.c **** 
 297:Drivers/STM32L0xx_HAL_Driver/Src/stm32l0xx_hal_gpio.c **** /**
 298:Drivers/STM32L0xx_HAL_Driver/Src/stm32l0xx_hal_gpio.c ****   * @brief  De-initializes the GPIOx peripheral registers to their default reset values.
 299:Drivers/STM32L0xx_HAL_Driver/Src/stm32l0xx_hal_gpio.c ****   * @param  GPIOx: where x can be (A..E and H) to select the GPIO peripheral for STM32L0XX family d
 300:Drivers/STM32L0xx_HAL_Driver/Src/stm32l0xx_hal_gpio.c ****   *                Note that GPIOE is not available on all devices.
 301:Drivers/STM32L0xx_HAL_Driver/Src/stm32l0xx_hal_gpio.c ****   * @param  GPIO_Pin: specifies the port bit to be written.
 302:Drivers/STM32L0xx_HAL_Driver/Src/stm32l0xx_hal_gpio.c ****   *                   This parameter can be one of GPIO_PIN_x where x can be (0..15).
 303:Drivers/STM32L0xx_HAL_Driver/Src/stm32l0xx_hal_gpio.c ****   *                   All port bits are not necessarily available on all GPIOs.
 304:Drivers/STM32L0xx_HAL_Driver/Src/stm32l0xx_hal_gpio.c ****   * @retval None
 305:Drivers/STM32L0xx_HAL_Driver/Src/stm32l0xx_hal_gpio.c ****   */
 306:Drivers/STM32L0xx_HAL_Driver/Src/stm32l0xx_hal_gpio.c **** void HAL_GPIO_DeInit(GPIO_TypeDef  *GPIOx, uint32_t GPIO_Pin)
 307:Drivers/STM32L0xx_HAL_Driver/Src/stm32l0xx_hal_gpio.c **** { 
 369              		.loc 1 307 0
 370              		.cfi_startproc
 371              		@ args = 0, pretend = 0, frame = 0
ARM GAS  /tmp/cca1AvLE.s 			page 13


 372              		@ frame_needed = 0, uses_anonymous_args = 0
 373              	.LVL45:
 374 0000 F0B5     		push	{r4, r5, r6, r7, lr}
 375              	.LCFI2:
 376              		.cfi_def_cfa_offset 20
 377              		.cfi_offset 4, -20
 378              		.cfi_offset 5, -16
 379              		.cfi_offset 6, -12
 380              		.cfi_offset 7, -8
 381              		.cfi_offset 14, -4
 382 0002 D646     		mov	lr, r10
 383 0004 4F46     		mov	r7, r9
 384 0006 4646     		mov	r6, r8
 385 0008 C0B5     		push	{r6, r7, lr}
 386              	.LCFI3:
 387              		.cfi_def_cfa_offset 32
 388              		.cfi_offset 8, -32
 389              		.cfi_offset 9, -28
 390              		.cfi_offset 10, -24
 391              	.LVL46:
 308:Drivers/STM32L0xx_HAL_Driver/Src/stm32l0xx_hal_gpio.c ****   uint32_t position = 0x00U;
 392              		.loc 1 308 0
 393 000a 0023     		movs	r3, #0
 309:Drivers/STM32L0xx_HAL_Driver/Src/stm32l0xx_hal_gpio.c ****   uint32_t iocurrent = 0x00U;
 310:Drivers/STM32L0xx_HAL_Driver/Src/stm32l0xx_hal_gpio.c ****   uint32_t tmp = 0x00U;
 311:Drivers/STM32L0xx_HAL_Driver/Src/stm32l0xx_hal_gpio.c **** 
 312:Drivers/STM32L0xx_HAL_Driver/Src/stm32l0xx_hal_gpio.c ****   /* Check the parameters */
 313:Drivers/STM32L0xx_HAL_Driver/Src/stm32l0xx_hal_gpio.c ****   assert_param(IS_GPIO_PIN_AVAILABLE(GPIOx,GPIO_Pin));
 314:Drivers/STM32L0xx_HAL_Driver/Src/stm32l0xx_hal_gpio.c **** 
 315:Drivers/STM32L0xx_HAL_Driver/Src/stm32l0xx_hal_gpio.c ****   /* Configure the port pins */
 316:Drivers/STM32L0xx_HAL_Driver/Src/stm32l0xx_hal_gpio.c ****   while ((GPIO_Pin >> position) != 0)
 394              		.loc 1 316 0
 395 000c 06E0     		b	.L22
 396              	.LVL47:
 397              	.L31:
 317:Drivers/STM32L0xx_HAL_Driver/Src/stm32l0xx_hal_gpio.c ****   {
 318:Drivers/STM32L0xx_HAL_Driver/Src/stm32l0xx_hal_gpio.c ****     /* Get the IO position */
 319:Drivers/STM32L0xx_HAL_Driver/Src/stm32l0xx_hal_gpio.c ****     iocurrent = (GPIO_Pin) & (1U << position);
 320:Drivers/STM32L0xx_HAL_Driver/Src/stm32l0xx_hal_gpio.c **** 
 321:Drivers/STM32L0xx_HAL_Driver/Src/stm32l0xx_hal_gpio.c ****     if(iocurrent)
 322:Drivers/STM32L0xx_HAL_Driver/Src/stm32l0xx_hal_gpio.c ****     {
 323:Drivers/STM32L0xx_HAL_Driver/Src/stm32l0xx_hal_gpio.c ****       /*------------------------- GPIO Mode Configuration --------------------*/
 324:Drivers/STM32L0xx_HAL_Driver/Src/stm32l0xx_hal_gpio.c ****       /* Configure IO Direction in Input Floting Mode */
 325:Drivers/STM32L0xx_HAL_Driver/Src/stm32l0xx_hal_gpio.c ****       GPIOx->MODER |= (GPIO_MODER_MODE0 << (position * 2U));
 326:Drivers/STM32L0xx_HAL_Driver/Src/stm32l0xx_hal_gpio.c ****            
 327:Drivers/STM32L0xx_HAL_Driver/Src/stm32l0xx_hal_gpio.c ****       /* Configure the default Alternate Function in current IO */ 
 328:Drivers/STM32L0xx_HAL_Driver/Src/stm32l0xx_hal_gpio.c ****       GPIOx->AFR[position >> 3U] &= ~((uint32_t)0xFU << ((uint32_t)(position & (uint32_t)0x07U) * 4
 329:Drivers/STM32L0xx_HAL_Driver/Src/stm32l0xx_hal_gpio.c ****       
 330:Drivers/STM32L0xx_HAL_Driver/Src/stm32l0xx_hal_gpio.c ****       /* Configure the default value for IO Speed */
 331:Drivers/STM32L0xx_HAL_Driver/Src/stm32l0xx_hal_gpio.c ****       GPIOx->OSPEEDR &= ~(GPIO_OSPEEDER_OSPEED0 << (position * 2U));
 332:Drivers/STM32L0xx_HAL_Driver/Src/stm32l0xx_hal_gpio.c ****       
 333:Drivers/STM32L0xx_HAL_Driver/Src/stm32l0xx_hal_gpio.c ****       /* Configure the default value IO Output Type */
 334:Drivers/STM32L0xx_HAL_Driver/Src/stm32l0xx_hal_gpio.c ****       GPIOx->OTYPER  &= ~(GPIO_OTYPER_OT_0 << position) ;
 335:Drivers/STM32L0xx_HAL_Driver/Src/stm32l0xx_hal_gpio.c ****       
 336:Drivers/STM32L0xx_HAL_Driver/Src/stm32l0xx_hal_gpio.c ****       /* Deactivate the Pull-up oand Pull-down resistor for the current IO */
 337:Drivers/STM32L0xx_HAL_Driver/Src/stm32l0xx_hal_gpio.c ****       GPIOx->PUPDR &= ~(GPIO_PUPDR_PUPD0 << (position * 2U));
 338:Drivers/STM32L0xx_HAL_Driver/Src/stm32l0xx_hal_gpio.c ****       
ARM GAS  /tmp/cca1AvLE.s 			page 14


 339:Drivers/STM32L0xx_HAL_Driver/Src/stm32l0xx_hal_gpio.c ****       /*------------------------- EXTI Mode Configuration --------------------*/
 340:Drivers/STM32L0xx_HAL_Driver/Src/stm32l0xx_hal_gpio.c ****       /* Clear the External Interrupt or Event for the current IO */
 341:Drivers/STM32L0xx_HAL_Driver/Src/stm32l0xx_hal_gpio.c ****       
 342:Drivers/STM32L0xx_HAL_Driver/Src/stm32l0xx_hal_gpio.c ****       tmp = SYSCFG->EXTICR[position >> 2U];
 343:Drivers/STM32L0xx_HAL_Driver/Src/stm32l0xx_hal_gpio.c ****       tmp &= (((uint32_t)0x0FU) << (4U * (position & 0x03U)));
 344:Drivers/STM32L0xx_HAL_Driver/Src/stm32l0xx_hal_gpio.c ****       if(tmp == (GPIO_GET_INDEX(GPIOx) << (4U * (position & 0x03U))))
 398              		.loc 1 344 0
 399 000e 0225     		movs	r5, #2
 400 0010 00E0     		b	.L24
 401              	.L26:
 402 0012 0025     		movs	r5, #0
 403              	.L24:
 404              		.loc 1 344 0 is_stmt 0 discriminator 12
 405 0014 9540     		lsls	r5, r5, r2
 406 0016 AC42     		cmp	r4, r5
 407 0018 45D0     		beq	.L29
 408              	.LVL48:
 409              	.L23:
 345:Drivers/STM32L0xx_HAL_Driver/Src/stm32l0xx_hal_gpio.c ****       {
 346:Drivers/STM32L0xx_HAL_Driver/Src/stm32l0xx_hal_gpio.c ****         tmp = ((uint32_t)0x0FU) << (4U * (position & 0x03U));
 347:Drivers/STM32L0xx_HAL_Driver/Src/stm32l0xx_hal_gpio.c ****         SYSCFG->EXTICR[position >> 2U] &= ~tmp;
 348:Drivers/STM32L0xx_HAL_Driver/Src/stm32l0xx_hal_gpio.c **** 
 349:Drivers/STM32L0xx_HAL_Driver/Src/stm32l0xx_hal_gpio.c ****         /* Clear EXTI line configuration */
 350:Drivers/STM32L0xx_HAL_Driver/Src/stm32l0xx_hal_gpio.c ****         EXTI->IMR &= ~((uint32_t)iocurrent);
 351:Drivers/STM32L0xx_HAL_Driver/Src/stm32l0xx_hal_gpio.c ****         EXTI->EMR &= ~((uint32_t)iocurrent);
 352:Drivers/STM32L0xx_HAL_Driver/Src/stm32l0xx_hal_gpio.c **** 
 353:Drivers/STM32L0xx_HAL_Driver/Src/stm32l0xx_hal_gpio.c ****         /* Clear Rising Falling edge configuration */
 354:Drivers/STM32L0xx_HAL_Driver/Src/stm32l0xx_hal_gpio.c ****         EXTI->RTSR &= ~((uint32_t)iocurrent);
 355:Drivers/STM32L0xx_HAL_Driver/Src/stm32l0xx_hal_gpio.c ****         EXTI->FTSR &= ~((uint32_t)iocurrent);
 356:Drivers/STM32L0xx_HAL_Driver/Src/stm32l0xx_hal_gpio.c ****       }
 357:Drivers/STM32L0xx_HAL_Driver/Src/stm32l0xx_hal_gpio.c ****     }
 358:Drivers/STM32L0xx_HAL_Driver/Src/stm32l0xx_hal_gpio.c ****      position++;
 410              		.loc 1 358 0 is_stmt 1
 411 001a 0133     		adds	r3, r3, #1
 412              	.LVL49:
 413              	.L22:
 316:Drivers/STM32L0xx_HAL_Driver/Src/stm32l0xx_hal_gpio.c ****   {
 414              		.loc 1 316 0
 415 001c 0A00     		movs	r2, r1
 416 001e DA40     		lsrs	r2, r2, r3
 417 0020 57D0     		beq	.L30
 319:Drivers/STM32L0xx_HAL_Driver/Src/stm32l0xx_hal_gpio.c **** 
 418              		.loc 1 319 0
 419 0022 0122     		movs	r2, #1
 420 0024 9A40     		lsls	r2, r2, r3
 421 0026 1400     		movs	r4, r2
 422 0028 0C40     		ands	r4, r1
 423 002a A446     		mov	ip, r4
 424              	.LVL50:
 321:Drivers/STM32L0xx_HAL_Driver/Src/stm32l0xx_hal_gpio.c ****     {
 425              		.loc 1 321 0
 426 002c F5D0     		beq	.L23
 325:Drivers/STM32L0xx_HAL_Driver/Src/stm32l0xx_hal_gpio.c ****            
 427              		.loc 1 325 0
 428 002e 0668     		ldr	r6, [r0]
 429 0030 5D00     		lsls	r5, r3, #1
 430 0032 0324     		movs	r4, #3
ARM GAS  /tmp/cca1AvLE.s 			page 15


 431              	.LVL51:
 432 0034 A246     		mov	r10, r4
 433 0036 2700     		movs	r7, r4
 434 0038 AF40     		lsls	r7, r7, r5
 435 003a 3D00     		movs	r5, r7
 436 003c 3E43     		orrs	r6, r7
 437 003e 0660     		str	r6, [r0]
 328:Drivers/STM32L0xx_HAL_Driver/Src/stm32l0xx_hal_gpio.c ****       
 438              		.loc 1 328 0
 439 0040 DF08     		lsrs	r7, r3, #3
 440 0042 0837     		adds	r7, r7, #8
 441 0044 BF00     		lsls	r7, r7, #2
 442 0046 3C58     		ldr	r4, [r7, r0]
 443 0048 A146     		mov	r9, r4
 444 004a 0726     		movs	r6, #7
 445 004c 1E40     		ands	r6, r3
 446 004e B600     		lsls	r6, r6, #2
 447 0050 0F24     		movs	r4, #15
 448 0052 A046     		mov	r8, r4
 449 0054 B440     		lsls	r4, r4, r6
 450 0056 2600     		movs	r6, r4
 451 0058 4C46     		mov	r4, r9
 452 005a B443     		bics	r4, r6
 453 005c 3C50     		str	r4, [r7, r0]
 331:Drivers/STM32L0xx_HAL_Driver/Src/stm32l0xx_hal_gpio.c ****       
 454              		.loc 1 331 0
 455 005e 8668     		ldr	r6, [r0, #8]
 456 0060 ED43     		mvns	r5, r5
 457 0062 2E40     		ands	r6, r5
 458 0064 8660     		str	r6, [r0, #8]
 334:Drivers/STM32L0xx_HAL_Driver/Src/stm32l0xx_hal_gpio.c ****       
 459              		.loc 1 334 0
 460 0066 4668     		ldr	r6, [r0, #4]
 461 0068 9643     		bics	r6, r2
 462 006a 4660     		str	r6, [r0, #4]
 337:Drivers/STM32L0xx_HAL_Driver/Src/stm32l0xx_hal_gpio.c ****       
 463              		.loc 1 337 0
 464 006c C268     		ldr	r2, [r0, #12]
 465 006e 1540     		ands	r5, r2
 466 0070 C560     		str	r5, [r0, #12]
 342:Drivers/STM32L0xx_HAL_Driver/Src/stm32l0xx_hal_gpio.c ****       tmp &= (((uint32_t)0x0FU) << (4U * (position & 0x03U)));
 467              		.loc 1 342 0
 468 0072 9E08     		lsrs	r6, r3, #2
 469 0074 B21C     		adds	r2, r6, #2
 470 0076 9200     		lsls	r2, r2, #2
 471 0078 184D     		ldr	r5, .L32
 472 007a 5559     		ldr	r5, [r2, r5]
 473              	.LVL52:
 343:Drivers/STM32L0xx_HAL_Driver/Src/stm32l0xx_hal_gpio.c ****       if(tmp == (GPIO_GET_INDEX(GPIOx) << (4U * (position & 0x03U))))
 474              		.loc 1 343 0
 475 007c 5246     		mov	r2, r10
 476 007e 1A40     		ands	r2, r3
 477 0080 9200     		lsls	r2, r2, #2
 478 0082 4746     		mov	r7, r8
 479 0084 9740     		lsls	r7, r7, r2
 480 0086 2C00     		movs	r4, r5
 481 0088 3C40     		ands	r4, r7
ARM GAS  /tmp/cca1AvLE.s 			page 16


 482              	.LVL53:
 344:Drivers/STM32L0xx_HAL_Driver/Src/stm32l0xx_hal_gpio.c ****       {
 483              		.loc 1 344 0
 484 008a A025     		movs	r5, #160
 485 008c ED05     		lsls	r5, r5, #23
 486 008e A842     		cmp	r0, r5
 487 0090 BFD0     		beq	.L26
 344:Drivers/STM32L0xx_HAL_Driver/Src/stm32l0xx_hal_gpio.c ****       {
 488              		.loc 1 344 0 is_stmt 0 discriminator 1
 489 0092 134D     		ldr	r5, .L32+4
 490 0094 A842     		cmp	r0, r5
 491 0096 04D0     		beq	.L27
 344:Drivers/STM32L0xx_HAL_Driver/Src/stm32l0xx_hal_gpio.c ****       {
 492              		.loc 1 344 0 discriminator 3
 493 0098 124D     		ldr	r5, .L32+8
 494 009a A842     		cmp	r0, r5
 495 009c B7D0     		beq	.L31
 344:Drivers/STM32L0xx_HAL_Driver/Src/stm32l0xx_hal_gpio.c ****       {
 496              		.loc 1 344 0
 497 009e 0625     		movs	r5, #6
 498 00a0 B8E7     		b	.L24
 499              	.L27:
 500 00a2 0125     		movs	r5, #1
 501 00a4 B6E7     		b	.L24
 502              	.L29:
 503              	.LVL54:
 347:Drivers/STM32L0xx_HAL_Driver/Src/stm32l0xx_hal_gpio.c **** 
 504              		.loc 1 347 0 is_stmt 1
 505 00a6 0D4C     		ldr	r4, .L32
 506 00a8 0236     		adds	r6, r6, #2
 507 00aa B600     		lsls	r6, r6, #2
 508 00ac 3259     		ldr	r2, [r6, r4]
 509 00ae BA43     		bics	r2, r7
 510 00b0 3251     		str	r2, [r6, r4]
 350:Drivers/STM32L0xx_HAL_Driver/Src/stm32l0xx_hal_gpio.c ****         EXTI->EMR &= ~((uint32_t)iocurrent);
 511              		.loc 1 350 0
 512 00b2 0D4C     		ldr	r4, .L32+12
 513 00b4 2568     		ldr	r5, [r4]
 514 00b6 6246     		mov	r2, ip
 515 00b8 D243     		mvns	r2, r2
 516 00ba 1540     		ands	r5, r2
 517 00bc 2560     		str	r5, [r4]
 351:Drivers/STM32L0xx_HAL_Driver/Src/stm32l0xx_hal_gpio.c **** 
 518              		.loc 1 351 0
 519 00be 6568     		ldr	r5, [r4, #4]
 520 00c0 1540     		ands	r5, r2
 521 00c2 6560     		str	r5, [r4, #4]
 354:Drivers/STM32L0xx_HAL_Driver/Src/stm32l0xx_hal_gpio.c ****         EXTI->FTSR &= ~((uint32_t)iocurrent);
 522              		.loc 1 354 0
 523 00c4 A568     		ldr	r5, [r4, #8]
 524 00c6 1540     		ands	r5, r2
 525 00c8 A560     		str	r5, [r4, #8]
 355:Drivers/STM32L0xx_HAL_Driver/Src/stm32l0xx_hal_gpio.c ****       }
 526              		.loc 1 355 0
 527 00ca E568     		ldr	r5, [r4, #12]
 528 00cc 2A40     		ands	r2, r5
 529 00ce E260     		str	r2, [r4, #12]
ARM GAS  /tmp/cca1AvLE.s 			page 17


 530 00d0 A3E7     		b	.L23
 531              	.LVL55:
 532              	.L30:
 359:Drivers/STM32L0xx_HAL_Driver/Src/stm32l0xx_hal_gpio.c ****   }
 360:Drivers/STM32L0xx_HAL_Driver/Src/stm32l0xx_hal_gpio.c **** }
 533              		.loc 1 360 0
 534              		@ sp needed
 535 00d2 1CBC     		pop	{r2, r3, r4}
 536 00d4 9046     		mov	r8, r2
 537 00d6 9946     		mov	r9, r3
 538 00d8 A246     		mov	r10, r4
 539 00da F0BD     		pop	{r4, r5, r6, r7, pc}
 540              	.L33:
 541              		.align	2
 542              	.L32:
 543 00dc 00000140 		.word	1073807360
 544 00e0 00040050 		.word	1342178304
 545 00e4 00080050 		.word	1342179328
 546 00e8 00040140 		.word	1073808384
 547              		.cfi_endproc
 548              	.LFE36:
 550              		.section	.text.HAL_GPIO_ReadPin,"ax",%progbits
 551              		.align	1
 552              		.global	HAL_GPIO_ReadPin
 553              		.syntax unified
 554              		.code	16
 555              		.thumb_func
 556              		.fpu softvfp
 558              	HAL_GPIO_ReadPin:
 559              	.LFB37:
 361:Drivers/STM32L0xx_HAL_Driver/Src/stm32l0xx_hal_gpio.c **** 
 362:Drivers/STM32L0xx_HAL_Driver/Src/stm32l0xx_hal_gpio.c **** /**
 363:Drivers/STM32L0xx_HAL_Driver/Src/stm32l0xx_hal_gpio.c ****   * @}
 364:Drivers/STM32L0xx_HAL_Driver/Src/stm32l0xx_hal_gpio.c ****   */
 365:Drivers/STM32L0xx_HAL_Driver/Src/stm32l0xx_hal_gpio.c **** 
 366:Drivers/STM32L0xx_HAL_Driver/Src/stm32l0xx_hal_gpio.c **** /** @addtogroup GPIO_Exported_Functions_Group2
 367:Drivers/STM32L0xx_HAL_Driver/Src/stm32l0xx_hal_gpio.c ****  *  @brief   GPIO Read and Write
 368:Drivers/STM32L0xx_HAL_Driver/Src/stm32l0xx_hal_gpio.c ****  *
 369:Drivers/STM32L0xx_HAL_Driver/Src/stm32l0xx_hal_gpio.c **** @verbatim
 370:Drivers/STM32L0xx_HAL_Driver/Src/stm32l0xx_hal_gpio.c ****  ===============================================================================
 371:Drivers/STM32L0xx_HAL_Driver/Src/stm32l0xx_hal_gpio.c ****                        ##### IO operation functions #####
 372:Drivers/STM32L0xx_HAL_Driver/Src/stm32l0xx_hal_gpio.c ****  ===============================================================================
 373:Drivers/STM32L0xx_HAL_Driver/Src/stm32l0xx_hal_gpio.c **** 
 374:Drivers/STM32L0xx_HAL_Driver/Src/stm32l0xx_hal_gpio.c **** @endverbatim
 375:Drivers/STM32L0xx_HAL_Driver/Src/stm32l0xx_hal_gpio.c ****   * @{
 376:Drivers/STM32L0xx_HAL_Driver/Src/stm32l0xx_hal_gpio.c ****   */
 377:Drivers/STM32L0xx_HAL_Driver/Src/stm32l0xx_hal_gpio.c **** 
 378:Drivers/STM32L0xx_HAL_Driver/Src/stm32l0xx_hal_gpio.c **** /**
 379:Drivers/STM32L0xx_HAL_Driver/Src/stm32l0xx_hal_gpio.c ****   * @brief  Reads the specified input port pin.
 380:Drivers/STM32L0xx_HAL_Driver/Src/stm32l0xx_hal_gpio.c ****   * @param  GPIOx: where x can be (A..E and H) to select the GPIO peripheral for STM32L0xx family d
 381:Drivers/STM32L0xx_HAL_Driver/Src/stm32l0xx_hal_gpio.c ****   *                Note that GPIOE is not available on all devices.
 382:Drivers/STM32L0xx_HAL_Driver/Src/stm32l0xx_hal_gpio.c ****   * @param  GPIO_Pin: specifies the port bit to read.
 383:Drivers/STM32L0xx_HAL_Driver/Src/stm32l0xx_hal_gpio.c ****   *                   This parameter can be GPIO_PIN_x where x can be (0..15).
 384:Drivers/STM32L0xx_HAL_Driver/Src/stm32l0xx_hal_gpio.c ****   *                   All port bits are not necessarily available on all GPIOs.
 385:Drivers/STM32L0xx_HAL_Driver/Src/stm32l0xx_hal_gpio.c ****   * @retval The input port pin value.
 386:Drivers/STM32L0xx_HAL_Driver/Src/stm32l0xx_hal_gpio.c ****   */
 387:Drivers/STM32L0xx_HAL_Driver/Src/stm32l0xx_hal_gpio.c **** GPIO_PinState HAL_GPIO_ReadPin(GPIO_TypeDef* GPIOx, uint16_t GPIO_Pin)
ARM GAS  /tmp/cca1AvLE.s 			page 18


 388:Drivers/STM32L0xx_HAL_Driver/Src/stm32l0xx_hal_gpio.c **** {
 560              		.loc 1 388 0
 561              		.cfi_startproc
 562              		@ args = 0, pretend = 0, frame = 0
 563              		@ frame_needed = 0, uses_anonymous_args = 0
 564              		@ link register save eliminated.
 565              	.LVL56:
 389:Drivers/STM32L0xx_HAL_Driver/Src/stm32l0xx_hal_gpio.c ****   GPIO_PinState bitstatus;
 390:Drivers/STM32L0xx_HAL_Driver/Src/stm32l0xx_hal_gpio.c ****   
 391:Drivers/STM32L0xx_HAL_Driver/Src/stm32l0xx_hal_gpio.c ****   /* Check the parameters */
 392:Drivers/STM32L0xx_HAL_Driver/Src/stm32l0xx_hal_gpio.c ****   assert_param(IS_GPIO_PIN_AVAILABLE(GPIOx,GPIO_Pin));
 393:Drivers/STM32L0xx_HAL_Driver/Src/stm32l0xx_hal_gpio.c ****   
 394:Drivers/STM32L0xx_HAL_Driver/Src/stm32l0xx_hal_gpio.c ****   if((GPIOx->IDR & GPIO_Pin) != (uint32_t)GPIO_PIN_RESET)
 566              		.loc 1 394 0
 567 0000 0369     		ldr	r3, [r0, #16]
 568 0002 0B42     		tst	r3, r1
 569 0004 01D1     		bne	.L37
 395:Drivers/STM32L0xx_HAL_Driver/Src/stm32l0xx_hal_gpio.c ****   {
 396:Drivers/STM32L0xx_HAL_Driver/Src/stm32l0xx_hal_gpio.c ****     bitstatus = GPIO_PIN_SET;
 397:Drivers/STM32L0xx_HAL_Driver/Src/stm32l0xx_hal_gpio.c ****   }
 398:Drivers/STM32L0xx_HAL_Driver/Src/stm32l0xx_hal_gpio.c ****   else
 399:Drivers/STM32L0xx_HAL_Driver/Src/stm32l0xx_hal_gpio.c ****   {
 400:Drivers/STM32L0xx_HAL_Driver/Src/stm32l0xx_hal_gpio.c ****     bitstatus = GPIO_PIN_RESET;
 570              		.loc 1 400 0
 571 0006 0020     		movs	r0, #0
 572              	.LVL57:
 573              	.L35:
 401:Drivers/STM32L0xx_HAL_Driver/Src/stm32l0xx_hal_gpio.c ****   }
 402:Drivers/STM32L0xx_HAL_Driver/Src/stm32l0xx_hal_gpio.c ****   return bitstatus;
 403:Drivers/STM32L0xx_HAL_Driver/Src/stm32l0xx_hal_gpio.c **** }
 574              		.loc 1 403 0
 575              		@ sp needed
 576 0008 7047     		bx	lr
 577              	.LVL58:
 578              	.L37:
 396:Drivers/STM32L0xx_HAL_Driver/Src/stm32l0xx_hal_gpio.c ****   }
 579              		.loc 1 396 0
 580 000a 0120     		movs	r0, #1
 581              	.LVL59:
 582 000c FCE7     		b	.L35
 583              		.cfi_endproc
 584              	.LFE37:
 586              		.section	.text.HAL_GPIO_WritePin,"ax",%progbits
 587              		.align	1
 588              		.global	HAL_GPIO_WritePin
 589              		.syntax unified
 590              		.code	16
 591              		.thumb_func
 592              		.fpu softvfp
 594              	HAL_GPIO_WritePin:
 595              	.LFB38:
 404:Drivers/STM32L0xx_HAL_Driver/Src/stm32l0xx_hal_gpio.c **** 
 405:Drivers/STM32L0xx_HAL_Driver/Src/stm32l0xx_hal_gpio.c **** /**
 406:Drivers/STM32L0xx_HAL_Driver/Src/stm32l0xx_hal_gpio.c ****   * @brief  Sets or clears the selected data port bit.
 407:Drivers/STM32L0xx_HAL_Driver/Src/stm32l0xx_hal_gpio.c ****   * 
 408:Drivers/STM32L0xx_HAL_Driver/Src/stm32l0xx_hal_gpio.c ****   * @note   This function uses GPIOx_BSRR register to allow atomic read/modify 
 409:Drivers/STM32L0xx_HAL_Driver/Src/stm32l0xx_hal_gpio.c ****   *         accesses. In this way, there is no risk of an IRQ occurring between
ARM GAS  /tmp/cca1AvLE.s 			page 19


 410:Drivers/STM32L0xx_HAL_Driver/Src/stm32l0xx_hal_gpio.c ****   *         the read and the modify access.
 411:Drivers/STM32L0xx_HAL_Driver/Src/stm32l0xx_hal_gpio.c ****   *               
 412:Drivers/STM32L0xx_HAL_Driver/Src/stm32l0xx_hal_gpio.c ****   * @param  GPIOx: where x can be (A..E and H) to select the GPIO peripheral for STM32L0xx family d
 413:Drivers/STM32L0xx_HAL_Driver/Src/stm32l0xx_hal_gpio.c ****   *                Note that GPIOE is not available on all devices.
 414:Drivers/STM32L0xx_HAL_Driver/Src/stm32l0xx_hal_gpio.c ****   * @param  GPIO_Pin: specifies the port bit to be written.
 415:Drivers/STM32L0xx_HAL_Driver/Src/stm32l0xx_hal_gpio.c ****   *                   This parameter can be one of GPIO_PIN_x where x can be (0..15).
 416:Drivers/STM32L0xx_HAL_Driver/Src/stm32l0xx_hal_gpio.c ****   *                   All port bits are not necessarily available on all GPIOs.
 417:Drivers/STM32L0xx_HAL_Driver/Src/stm32l0xx_hal_gpio.c ****   * @param  PinState: specifies the value to be written to the selected bit.
 418:Drivers/STM32L0xx_HAL_Driver/Src/stm32l0xx_hal_gpio.c ****   *                   This parameter can be one of the GPIO_PinState enum values:
 419:Drivers/STM32L0xx_HAL_Driver/Src/stm32l0xx_hal_gpio.c ****   *                        GPIO_PIN_RESET: to clear the port pin
 420:Drivers/STM32L0xx_HAL_Driver/Src/stm32l0xx_hal_gpio.c ****   *                        GPIO_PIN_SET: to set the port pin
 421:Drivers/STM32L0xx_HAL_Driver/Src/stm32l0xx_hal_gpio.c ****   * @retval None
 422:Drivers/STM32L0xx_HAL_Driver/Src/stm32l0xx_hal_gpio.c ****   */
 423:Drivers/STM32L0xx_HAL_Driver/Src/stm32l0xx_hal_gpio.c **** void HAL_GPIO_WritePin(GPIO_TypeDef* GPIOx, uint16_t GPIO_Pin, GPIO_PinState PinState)
 424:Drivers/STM32L0xx_HAL_Driver/Src/stm32l0xx_hal_gpio.c **** {
 596              		.loc 1 424 0
 597              		.cfi_startproc
 598              		@ args = 0, pretend = 0, frame = 0
 599              		@ frame_needed = 0, uses_anonymous_args = 0
 600              		@ link register save eliminated.
 601              	.LVL60:
 425:Drivers/STM32L0xx_HAL_Driver/Src/stm32l0xx_hal_gpio.c ****   /* Check the parameters */
 426:Drivers/STM32L0xx_HAL_Driver/Src/stm32l0xx_hal_gpio.c ****   assert_param(IS_GPIO_PIN_AVAILABLE(GPIOx,GPIO_Pin));
 427:Drivers/STM32L0xx_HAL_Driver/Src/stm32l0xx_hal_gpio.c ****   assert_param(IS_GPIO_PIN_ACTION(PinState));
 428:Drivers/STM32L0xx_HAL_Driver/Src/stm32l0xx_hal_gpio.c ****   
 429:Drivers/STM32L0xx_HAL_Driver/Src/stm32l0xx_hal_gpio.c ****   if(PinState != GPIO_PIN_RESET)
 602              		.loc 1 429 0
 603 0000 002A     		cmp	r2, #0
 604 0002 01D1     		bne	.L41
 430:Drivers/STM32L0xx_HAL_Driver/Src/stm32l0xx_hal_gpio.c ****   {
 431:Drivers/STM32L0xx_HAL_Driver/Src/stm32l0xx_hal_gpio.c ****     GPIOx->BSRR = GPIO_Pin;
 432:Drivers/STM32L0xx_HAL_Driver/Src/stm32l0xx_hal_gpio.c ****   }
 433:Drivers/STM32L0xx_HAL_Driver/Src/stm32l0xx_hal_gpio.c ****   else
 434:Drivers/STM32L0xx_HAL_Driver/Src/stm32l0xx_hal_gpio.c ****   {
 435:Drivers/STM32L0xx_HAL_Driver/Src/stm32l0xx_hal_gpio.c ****     GPIOx->BRR = GPIO_Pin ;
 605              		.loc 1 435 0
 606 0004 8162     		str	r1, [r0, #40]
 607              	.L38:
 436:Drivers/STM32L0xx_HAL_Driver/Src/stm32l0xx_hal_gpio.c ****   }
 437:Drivers/STM32L0xx_HAL_Driver/Src/stm32l0xx_hal_gpio.c **** }
 608              		.loc 1 437 0
 609              		@ sp needed
 610 0006 7047     		bx	lr
 611              	.L41:
 431:Drivers/STM32L0xx_HAL_Driver/Src/stm32l0xx_hal_gpio.c ****   }
 612              		.loc 1 431 0
 613 0008 8161     		str	r1, [r0, #24]
 614 000a FCE7     		b	.L38
 615              		.cfi_endproc
 616              	.LFE38:
 618              		.section	.text.HAL_GPIO_TogglePin,"ax",%progbits
 619              		.align	1
 620              		.global	HAL_GPIO_TogglePin
 621              		.syntax unified
 622              		.code	16
 623              		.thumb_func
 624              		.fpu softvfp
ARM GAS  /tmp/cca1AvLE.s 			page 20


 626              	HAL_GPIO_TogglePin:
 627              	.LFB39:
 438:Drivers/STM32L0xx_HAL_Driver/Src/stm32l0xx_hal_gpio.c **** 
 439:Drivers/STM32L0xx_HAL_Driver/Src/stm32l0xx_hal_gpio.c **** /**
 440:Drivers/STM32L0xx_HAL_Driver/Src/stm32l0xx_hal_gpio.c ****   * @brief  Toggles the specified GPIO pins.
 441:Drivers/STM32L0xx_HAL_Driver/Src/stm32l0xx_hal_gpio.c ****   * @param  GPIOx: Where x can be (A..E and H) to select the GPIO peripheral for STM32L0xx family d
 442:Drivers/STM32L0xx_HAL_Driver/Src/stm32l0xx_hal_gpio.c ****   *                Note that GPIOE is not available on all devices.
 443:Drivers/STM32L0xx_HAL_Driver/Src/stm32l0xx_hal_gpio.c ****   *                All port bits are not necessarily available on all GPIOs.
 444:Drivers/STM32L0xx_HAL_Driver/Src/stm32l0xx_hal_gpio.c ****   * @param  GPIO_Pin: Specifies the pins to be toggled.
 445:Drivers/STM32L0xx_HAL_Driver/Src/stm32l0xx_hal_gpio.c ****   * @retval None
 446:Drivers/STM32L0xx_HAL_Driver/Src/stm32l0xx_hal_gpio.c ****   */
 447:Drivers/STM32L0xx_HAL_Driver/Src/stm32l0xx_hal_gpio.c **** void HAL_GPIO_TogglePin(GPIO_TypeDef* GPIOx, uint16_t GPIO_Pin)
 448:Drivers/STM32L0xx_HAL_Driver/Src/stm32l0xx_hal_gpio.c **** {
 628              		.loc 1 448 0
 629              		.cfi_startproc
 630              		@ args = 0, pretend = 0, frame = 0
 631              		@ frame_needed = 0, uses_anonymous_args = 0
 632              		@ link register save eliminated.
 633              	.LVL61:
 449:Drivers/STM32L0xx_HAL_Driver/Src/stm32l0xx_hal_gpio.c ****   /* Check the parameters */
 450:Drivers/STM32L0xx_HAL_Driver/Src/stm32l0xx_hal_gpio.c ****   assert_param(IS_GPIO_PIN_AVAILABLE(GPIOx,GPIO_Pin));
 451:Drivers/STM32L0xx_HAL_Driver/Src/stm32l0xx_hal_gpio.c **** 
 452:Drivers/STM32L0xx_HAL_Driver/Src/stm32l0xx_hal_gpio.c ****   GPIOx->ODR ^= GPIO_Pin;
 634              		.loc 1 452 0
 635 0000 4369     		ldr	r3, [r0, #20]
 636 0002 5940     		eors	r1, r3
 637              	.LVL62:
 638 0004 4161     		str	r1, [r0, #20]
 453:Drivers/STM32L0xx_HAL_Driver/Src/stm32l0xx_hal_gpio.c **** }
 639              		.loc 1 453 0
 640              		@ sp needed
 641 0006 7047     		bx	lr
 642              		.cfi_endproc
 643              	.LFE39:
 645              		.section	.text.HAL_GPIO_LockPin,"ax",%progbits
 646              		.align	1
 647              		.global	HAL_GPIO_LockPin
 648              		.syntax unified
 649              		.code	16
 650              		.thumb_func
 651              		.fpu softvfp
 653              	HAL_GPIO_LockPin:
 654              	.LFB40:
 454:Drivers/STM32L0xx_HAL_Driver/Src/stm32l0xx_hal_gpio.c **** 
 455:Drivers/STM32L0xx_HAL_Driver/Src/stm32l0xx_hal_gpio.c **** /**
 456:Drivers/STM32L0xx_HAL_Driver/Src/stm32l0xx_hal_gpio.c **** * @brief  Locks GPIO Pins configuration registers.
 457:Drivers/STM32L0xx_HAL_Driver/Src/stm32l0xx_hal_gpio.c **** * @note   The locked registers are GPIOx_MODER, GPIOx_OTYPER, GPIOx_OSPEEDR,
 458:Drivers/STM32L0xx_HAL_Driver/Src/stm32l0xx_hal_gpio.c **** *         GPIOx_PUPDR, GPIOx_AFRL and GPIOx_AFRH.
 459:Drivers/STM32L0xx_HAL_Driver/Src/stm32l0xx_hal_gpio.c **** * @note   The configuration of the locked GPIO pins can no longer be modified
 460:Drivers/STM32L0xx_HAL_Driver/Src/stm32l0xx_hal_gpio.c **** *         until the next reset.
 461:Drivers/STM32L0xx_HAL_Driver/Src/stm32l0xx_hal_gpio.c **** * @param  GPIOx: where x can be (A..E and H) to select the GPIO peripheral for STM32L0xx family.
 462:Drivers/STM32L0xx_HAL_Driver/Src/stm32l0xx_hal_gpio.c **** *                Note that GPIOE is not available on all devices.
 463:Drivers/STM32L0xx_HAL_Driver/Src/stm32l0xx_hal_gpio.c **** * @param  GPIO_Pin: specifies the port bit to be locked.
 464:Drivers/STM32L0xx_HAL_Driver/Src/stm32l0xx_hal_gpio.c **** *         This parameter can be any combination of GPIO_Pin_x where x can be (0..15).
 465:Drivers/STM32L0xx_HAL_Driver/Src/stm32l0xx_hal_gpio.c **** *         All port bits are not necessarily available on all GPIOs.
 466:Drivers/STM32L0xx_HAL_Driver/Src/stm32l0xx_hal_gpio.c **** * @retval None
 467:Drivers/STM32L0xx_HAL_Driver/Src/stm32l0xx_hal_gpio.c **** */
ARM GAS  /tmp/cca1AvLE.s 			page 21


 468:Drivers/STM32L0xx_HAL_Driver/Src/stm32l0xx_hal_gpio.c **** HAL_StatusTypeDef HAL_GPIO_LockPin(GPIO_TypeDef* GPIOx, uint16_t GPIO_Pin)
 469:Drivers/STM32L0xx_HAL_Driver/Src/stm32l0xx_hal_gpio.c **** {
 655              		.loc 1 469 0
 656              		.cfi_startproc
 657              		@ args = 0, pretend = 0, frame = 8
 658              		@ frame_needed = 0, uses_anonymous_args = 0
 659              		@ link register save eliminated.
 660              	.LVL63:
 661 0000 82B0     		sub	sp, sp, #8
 662              	.LCFI4:
 663              		.cfi_def_cfa_offset 8
 470:Drivers/STM32L0xx_HAL_Driver/Src/stm32l0xx_hal_gpio.c ****   __IO uint32_t tmp = GPIO_LCKR_LCKK;
 664              		.loc 1 470 0
 665 0002 8022     		movs	r2, #128
 666 0004 5202     		lsls	r2, r2, #9
 667 0006 0192     		str	r2, [sp, #4]
 471:Drivers/STM32L0xx_HAL_Driver/Src/stm32l0xx_hal_gpio.c **** 
 472:Drivers/STM32L0xx_HAL_Driver/Src/stm32l0xx_hal_gpio.c ****   /* Check the parameters */
 473:Drivers/STM32L0xx_HAL_Driver/Src/stm32l0xx_hal_gpio.c ****   assert_param(IS_GPIO_PIN_AVAILABLE(GPIOx,GPIO_Pin));
 474:Drivers/STM32L0xx_HAL_Driver/Src/stm32l0xx_hal_gpio.c **** 
 475:Drivers/STM32L0xx_HAL_Driver/Src/stm32l0xx_hal_gpio.c ****   /* Apply lock key write sequence */
 476:Drivers/STM32L0xx_HAL_Driver/Src/stm32l0xx_hal_gpio.c ****   tmp |= GPIO_Pin;
 668              		.loc 1 476 0
 669 0008 019B     		ldr	r3, [sp, #4]
 670 000a 0B43     		orrs	r3, r1
 671 000c 0193     		str	r3, [sp, #4]
 477:Drivers/STM32L0xx_HAL_Driver/Src/stm32l0xx_hal_gpio.c ****   /* Set LCKx bit(s): LCKK='1' + LCK[15-0] */
 478:Drivers/STM32L0xx_HAL_Driver/Src/stm32l0xx_hal_gpio.c ****   GPIOx->LCKR = tmp;
 672              		.loc 1 478 0
 673 000e 019B     		ldr	r3, [sp, #4]
 674 0010 C361     		str	r3, [r0, #28]
 479:Drivers/STM32L0xx_HAL_Driver/Src/stm32l0xx_hal_gpio.c ****   /* Reset LCKx bit(s): LCKK='0' + LCK[15-0] */
 480:Drivers/STM32L0xx_HAL_Driver/Src/stm32l0xx_hal_gpio.c ****   GPIOx->LCKR = GPIO_Pin;
 675              		.loc 1 480 0
 676 0012 C161     		str	r1, [r0, #28]
 481:Drivers/STM32L0xx_HAL_Driver/Src/stm32l0xx_hal_gpio.c ****   /* Set LCKx bit(s): LCKK='1' + LCK[15-0] */
 482:Drivers/STM32L0xx_HAL_Driver/Src/stm32l0xx_hal_gpio.c ****   GPIOx->LCKR = tmp;
 677              		.loc 1 482 0
 678 0014 019B     		ldr	r3, [sp, #4]
 679 0016 C361     		str	r3, [r0, #28]
 483:Drivers/STM32L0xx_HAL_Driver/Src/stm32l0xx_hal_gpio.c ****   /* Read LCKK bit*/
 484:Drivers/STM32L0xx_HAL_Driver/Src/stm32l0xx_hal_gpio.c ****   tmp = GPIOx->LCKR;
 680              		.loc 1 484 0
 681 0018 C369     		ldr	r3, [r0, #28]
 682 001a 0193     		str	r3, [sp, #4]
 485:Drivers/STM32L0xx_HAL_Driver/Src/stm32l0xx_hal_gpio.c **** 
 486:Drivers/STM32L0xx_HAL_Driver/Src/stm32l0xx_hal_gpio.c ****   if((GPIOx->LCKR & GPIO_LCKR_LCKK) != RESET)
 683              		.loc 1 486 0
 684 001c C369     		ldr	r3, [r0, #28]
 685 001e 1342     		tst	r3, r2
 686 0020 02D1     		bne	.L46
 487:Drivers/STM32L0xx_HAL_Driver/Src/stm32l0xx_hal_gpio.c ****   {
 488:Drivers/STM32L0xx_HAL_Driver/Src/stm32l0xx_hal_gpio.c ****     return HAL_OK;
 489:Drivers/STM32L0xx_HAL_Driver/Src/stm32l0xx_hal_gpio.c ****   }
 490:Drivers/STM32L0xx_HAL_Driver/Src/stm32l0xx_hal_gpio.c ****   else
 491:Drivers/STM32L0xx_HAL_Driver/Src/stm32l0xx_hal_gpio.c ****   {
 492:Drivers/STM32L0xx_HAL_Driver/Src/stm32l0xx_hal_gpio.c ****     return HAL_ERROR;
ARM GAS  /tmp/cca1AvLE.s 			page 22


 687              		.loc 1 492 0
 688 0022 0120     		movs	r0, #1
 689              	.LVL64:
 690              	.L44:
 493:Drivers/STM32L0xx_HAL_Driver/Src/stm32l0xx_hal_gpio.c ****   }
 494:Drivers/STM32L0xx_HAL_Driver/Src/stm32l0xx_hal_gpio.c **** }
 691              		.loc 1 494 0
 692 0024 02B0     		add	sp, sp, #8
 693              		@ sp needed
 694 0026 7047     		bx	lr
 695              	.LVL65:
 696              	.L46:
 488:Drivers/STM32L0xx_HAL_Driver/Src/stm32l0xx_hal_gpio.c ****   }
 697              		.loc 1 488 0
 698 0028 0020     		movs	r0, #0
 699              	.LVL66:
 700 002a FBE7     		b	.L44
 701              		.cfi_endproc
 702              	.LFE40:
 704              		.section	.text.HAL_GPIO_EXTI_Callback,"ax",%progbits
 705              		.align	1
 706              		.weak	HAL_GPIO_EXTI_Callback
 707              		.syntax unified
 708              		.code	16
 709              		.thumb_func
 710              		.fpu softvfp
 712              	HAL_GPIO_EXTI_Callback:
 713              	.LFB42:
 495:Drivers/STM32L0xx_HAL_Driver/Src/stm32l0xx_hal_gpio.c **** /**
 496:Drivers/STM32L0xx_HAL_Driver/Src/stm32l0xx_hal_gpio.c ****   * @brief  This function handles EXTI interrupt request.
 497:Drivers/STM32L0xx_HAL_Driver/Src/stm32l0xx_hal_gpio.c ****   * @param  GPIO_Pin: Specifies the pins connected to the EXTI line.
 498:Drivers/STM32L0xx_HAL_Driver/Src/stm32l0xx_hal_gpio.c ****   * @retval None
 499:Drivers/STM32L0xx_HAL_Driver/Src/stm32l0xx_hal_gpio.c ****   */
 500:Drivers/STM32L0xx_HAL_Driver/Src/stm32l0xx_hal_gpio.c **** void HAL_GPIO_EXTI_IRQHandler(uint16_t GPIO_Pin)
 501:Drivers/STM32L0xx_HAL_Driver/Src/stm32l0xx_hal_gpio.c **** {
 502:Drivers/STM32L0xx_HAL_Driver/Src/stm32l0xx_hal_gpio.c ****   /* EXTI line interrupt detected */
 503:Drivers/STM32L0xx_HAL_Driver/Src/stm32l0xx_hal_gpio.c ****   if(__HAL_GPIO_EXTI_GET_IT(GPIO_Pin) != RESET) 
 504:Drivers/STM32L0xx_HAL_Driver/Src/stm32l0xx_hal_gpio.c ****   { 
 505:Drivers/STM32L0xx_HAL_Driver/Src/stm32l0xx_hal_gpio.c ****     __HAL_GPIO_EXTI_CLEAR_IT(GPIO_Pin);
 506:Drivers/STM32L0xx_HAL_Driver/Src/stm32l0xx_hal_gpio.c ****     HAL_GPIO_EXTI_Callback(GPIO_Pin);
 507:Drivers/STM32L0xx_HAL_Driver/Src/stm32l0xx_hal_gpio.c ****   }
 508:Drivers/STM32L0xx_HAL_Driver/Src/stm32l0xx_hal_gpio.c **** }
 509:Drivers/STM32L0xx_HAL_Driver/Src/stm32l0xx_hal_gpio.c **** 
 510:Drivers/STM32L0xx_HAL_Driver/Src/stm32l0xx_hal_gpio.c **** /**
 511:Drivers/STM32L0xx_HAL_Driver/Src/stm32l0xx_hal_gpio.c ****   * @brief  EXTI line detection callbacks.
 512:Drivers/STM32L0xx_HAL_Driver/Src/stm32l0xx_hal_gpio.c ****   * @param  GPIO_Pin: Specifies the pins connected to the EXTI line.
 513:Drivers/STM32L0xx_HAL_Driver/Src/stm32l0xx_hal_gpio.c ****   * @retval None
 514:Drivers/STM32L0xx_HAL_Driver/Src/stm32l0xx_hal_gpio.c ****   */
 515:Drivers/STM32L0xx_HAL_Driver/Src/stm32l0xx_hal_gpio.c **** __weak void HAL_GPIO_EXTI_Callback(uint16_t GPIO_Pin)
 516:Drivers/STM32L0xx_HAL_Driver/Src/stm32l0xx_hal_gpio.c **** {
 714              		.loc 1 516 0
 715              		.cfi_startproc
 716              		@ args = 0, pretend = 0, frame = 0
 717              		@ frame_needed = 0, uses_anonymous_args = 0
 718              		@ link register save eliminated.
 719              	.LVL67:
 517:Drivers/STM32L0xx_HAL_Driver/Src/stm32l0xx_hal_gpio.c ****   /* Prevent unused argument(s) compilation warning */
ARM GAS  /tmp/cca1AvLE.s 			page 23


 518:Drivers/STM32L0xx_HAL_Driver/Src/stm32l0xx_hal_gpio.c ****   UNUSED(GPIO_Pin);
 519:Drivers/STM32L0xx_HAL_Driver/Src/stm32l0xx_hal_gpio.c **** 
 520:Drivers/STM32L0xx_HAL_Driver/Src/stm32l0xx_hal_gpio.c ****   /* NOTE: This function Should not be modified, when the callback is needed,
 521:Drivers/STM32L0xx_HAL_Driver/Src/stm32l0xx_hal_gpio.c ****            the HAL_GPIO_EXTI_Callback could be implemented in the user file
 522:Drivers/STM32L0xx_HAL_Driver/Src/stm32l0xx_hal_gpio.c ****    */ 
 523:Drivers/STM32L0xx_HAL_Driver/Src/stm32l0xx_hal_gpio.c **** }
 720              		.loc 1 523 0
 721              		@ sp needed
 722 0000 7047     		bx	lr
 723              		.cfi_endproc
 724              	.LFE42:
 726              		.section	.text.HAL_GPIO_EXTI_IRQHandler,"ax",%progbits
 727              		.align	1
 728              		.global	HAL_GPIO_EXTI_IRQHandler
 729              		.syntax unified
 730              		.code	16
 731              		.thumb_func
 732              		.fpu softvfp
 734              	HAL_GPIO_EXTI_IRQHandler:
 735              	.LFB41:
 501:Drivers/STM32L0xx_HAL_Driver/Src/stm32l0xx_hal_gpio.c ****   /* EXTI line interrupt detected */
 736              		.loc 1 501 0
 737              		.cfi_startproc
 738              		@ args = 0, pretend = 0, frame = 0
 739              		@ frame_needed = 0, uses_anonymous_args = 0
 740              	.LVL68:
 741 0000 10B5     		push	{r4, lr}
 742              	.LCFI5:
 743              		.cfi_def_cfa_offset 8
 744              		.cfi_offset 4, -8
 745              		.cfi_offset 14, -4
 503:Drivers/STM32L0xx_HAL_Driver/Src/stm32l0xx_hal_gpio.c ****   { 
 746              		.loc 1 503 0
 747 0002 054B     		ldr	r3, .L51
 748 0004 5B69     		ldr	r3, [r3, #20]
 749 0006 1842     		tst	r0, r3
 750 0008 00D1     		bne	.L50
 751              	.LVL69:
 752              	.L48:
 508:Drivers/STM32L0xx_HAL_Driver/Src/stm32l0xx_hal_gpio.c **** 
 753              		.loc 1 508 0
 754              		@ sp needed
 755 000a 10BD     		pop	{r4, pc}
 756              	.LVL70:
 757              	.L50:
 505:Drivers/STM32L0xx_HAL_Driver/Src/stm32l0xx_hal_gpio.c ****     HAL_GPIO_EXTI_Callback(GPIO_Pin);
 758              		.loc 1 505 0
 759 000c 024B     		ldr	r3, .L51
 760 000e 5861     		str	r0, [r3, #20]
 506:Drivers/STM32L0xx_HAL_Driver/Src/stm32l0xx_hal_gpio.c ****   }
 761              		.loc 1 506 0
 762 0010 FFF7FEFF 		bl	HAL_GPIO_EXTI_Callback
 763              	.LVL71:
 508:Drivers/STM32L0xx_HAL_Driver/Src/stm32l0xx_hal_gpio.c **** 
 764              		.loc 1 508 0
 765 0014 F9E7     		b	.L48
 766              	.L52:
ARM GAS  /tmp/cca1AvLE.s 			page 24


 767 0016 C046     		.align	2
 768              	.L51:
 769 0018 00040140 		.word	1073808384
 770              		.cfi_endproc
 771              	.LFE41:
 773              		.text
 774              	.Letext0:
 775              		.file 2 "/usr/local/gcc-arm-none-eabi-6-2017-q2-update/arm-none-eabi/include/machine/_default_type
 776              		.file 3 "/usr/local/gcc-arm-none-eabi-6-2017-q2-update/arm-none-eabi/include/sys/_stdint.h"
 777              		.file 4 "Drivers/CMSIS/Device/ST/STM32L0xx/Include/system_stm32l0xx.h"
 778              		.file 5 "Drivers/CMSIS/Device/ST/STM32L0xx/Include/stm32l011xx.h"
 779              		.file 6 "/usr/local/gcc-arm-none-eabi-6-2017-q2-update/arm-none-eabi/include/sys/lock.h"
 780              		.file 7 "/usr/local/gcc-arm-none-eabi-6-2017-q2-update/arm-none-eabi/include/sys/_types.h"
 781              		.file 8 "/usr/local/gcc-arm-none-eabi-6-2017-q2-update/lib/gcc/arm-none-eabi/6.3.1/include/stddef.
 782              		.file 9 "/usr/local/gcc-arm-none-eabi-6-2017-q2-update/arm-none-eabi/include/sys/reent.h"
 783              		.file 10 "Drivers/CMSIS/Device/ST/STM32L0xx/Include/stm32l0xx.h"
 784              		.file 11 "Drivers/STM32L0xx_HAL_Driver/Inc/stm32l0xx_hal_def.h"
 785              		.file 12 "Drivers/STM32L0xx_HAL_Driver/Inc/stm32l0xx_hal_gpio.h"
ARM GAS  /tmp/cca1AvLE.s 			page 25


DEFINED SYMBOLS
                            *ABS*:0000000000000000 stm32l0xx_hal_gpio.c
     /tmp/cca1AvLE.s:16     .text.HAL_GPIO_Init:0000000000000000 $t
     /tmp/cca1AvLE.s:23     .text.HAL_GPIO_Init:0000000000000000 HAL_GPIO_Init
     /tmp/cca1AvLE.s:351    .text.HAL_GPIO_Init:0000000000000168 $d
     /tmp/cca1AvLE.s:360    .text.HAL_GPIO_DeInit:0000000000000000 $t
     /tmp/cca1AvLE.s:367    .text.HAL_GPIO_DeInit:0000000000000000 HAL_GPIO_DeInit
     /tmp/cca1AvLE.s:543    .text.HAL_GPIO_DeInit:00000000000000dc $d
     /tmp/cca1AvLE.s:551    .text.HAL_GPIO_ReadPin:0000000000000000 $t
     /tmp/cca1AvLE.s:558    .text.HAL_GPIO_ReadPin:0000000000000000 HAL_GPIO_ReadPin
     /tmp/cca1AvLE.s:587    .text.HAL_GPIO_WritePin:0000000000000000 $t
     /tmp/cca1AvLE.s:594    .text.HAL_GPIO_WritePin:0000000000000000 HAL_GPIO_WritePin
     /tmp/cca1AvLE.s:619    .text.HAL_GPIO_TogglePin:0000000000000000 $t
     /tmp/cca1AvLE.s:626    .text.HAL_GPIO_TogglePin:0000000000000000 HAL_GPIO_TogglePin
     /tmp/cca1AvLE.s:646    .text.HAL_GPIO_LockPin:0000000000000000 $t
     /tmp/cca1AvLE.s:653    .text.HAL_GPIO_LockPin:0000000000000000 HAL_GPIO_LockPin
     /tmp/cca1AvLE.s:705    .text.HAL_GPIO_EXTI_Callback:0000000000000000 $t
     /tmp/cca1AvLE.s:712    .text.HAL_GPIO_EXTI_Callback:0000000000000000 HAL_GPIO_EXTI_Callback
     /tmp/cca1AvLE.s:727    .text.HAL_GPIO_EXTI_IRQHandler:0000000000000000 $t
     /tmp/cca1AvLE.s:734    .text.HAL_GPIO_EXTI_IRQHandler:0000000000000000 HAL_GPIO_EXTI_IRQHandler
     /tmp/cca1AvLE.s:769    .text.HAL_GPIO_EXTI_IRQHandler:0000000000000018 $d
                     .debug_frame:0000000000000010 $d

NO UNDEFINED SYMBOLS
