ARM GAS  /tmp/ccJvGhdF.s 			page 1


   1              		.cpu cortex-m0plus
   2              		.eabi_attribute 20, 1
   3              		.eabi_attribute 21, 1
   4              		.eabi_attribute 23, 3
   5              		.eabi_attribute 24, 1
   6              		.eabi_attribute 25, 1
   7              		.eabi_attribute 26, 1
   8              		.eabi_attribute 30, 1
   9              		.eabi_attribute 34, 0
  10              		.eabi_attribute 18, 4
  11              		.file	"stm32l0xx_it.c"
  12              		.text
  13              	.Ltext0:
  14              		.cfi_sections	.debug_frame
  15              	.Letext0:
  16              		.file 1 "/usr/local/gcc-arm-none-eabi-6-2017-q2-update/arm-none-eabi/include/machine/_default_type
  17              		.file 2 "/usr/local/gcc-arm-none-eabi-6-2017-q2-update/arm-none-eabi/include/sys/_stdint.h"
  18              		.file 3 "Drivers/CMSIS/Device/ST/STM32L0xx/Include/system_stm32l0xx.h"
  19              		.file 4 "/usr/local/gcc-arm-none-eabi-6-2017-q2-update/arm-none-eabi/include/sys/lock.h"
  20              		.file 5 "/usr/local/gcc-arm-none-eabi-6-2017-q2-update/arm-none-eabi/include/sys/_types.h"
  21              		.file 6 "/usr/local/gcc-arm-none-eabi-6-2017-q2-update/lib/gcc/arm-none-eabi/6.3.1/include/stddef.
  22              		.file 7 "/usr/local/gcc-arm-none-eabi-6-2017-q2-update/arm-none-eabi/include/sys/reent.h"
ARM GAS  /tmp/ccJvGhdF.s 			page 2


DEFINED SYMBOLS
                            *ABS*:0000000000000000 stm32l0xx_it.c

NO UNDEFINED SYMBOLS
